ARM GAS  C:\Users\kotli\AppData\Local\Temp\ccEJhrhi.s 			page 1


   1              		.syntax unified
   2              		.cpu cortex-m4
   3              		.eabi_attribute 27, 1
   4              		.fpu fpv4-sp-d16
   5              		.eabi_attribute 20, 1
   6              		.eabi_attribute 21, 1
   7              		.eabi_attribute 23, 3
   8              		.eabi_attribute 24, 1
   9              		.eabi_attribute 25, 1
  10              		.eabi_attribute 26, 1
  11              		.eabi_attribute 30, 1
  12              		.eabi_attribute 34, 1
  13              		.eabi_attribute 18, 4
  14              		.thumb
  15              		.syntax unified
  16              		.file	"flash_config_u.c"
  17              		.text
  18              	.Ltext0:
  19              		.cfi_sections	.debug_frame
  20              		.section	.text.free_data,"ax",%progbits
  21              		.align	2
  22              		.global	free_data
  23              		.thumb
  24              		.thumb_func
  25              		.type	free_data, %function
  26              	free_data:
  27              	.LFB315:
  28              		.file 1 "..\\..\\FLASH_test\\FLASH_test.cydsn\\flash_config_u.c"
   1:..\..\FLASH_test\FLASH_test.cydsn/flash_config_u.c **** /* ========================================
   2:..\..\FLASH_test\FLASH_test.cydsn/flash_config_u.c ****  *
   3:..\..\FLASH_test\FLASH_test.cydsn/flash_config_u.c ****  * Copyright YOUR COMPANY, THE YEAR
   4:..\..\FLASH_test\FLASH_test.cydsn/flash_config_u.c ****  * All Rights Reserved
   5:..\..\FLASH_test\FLASH_test.cydsn/flash_config_u.c ****  * UNPUBLISHED, LICENSED SOFTWARE.
   6:..\..\FLASH_test\FLASH_test.cydsn/flash_config_u.c ****  *
   7:..\..\FLASH_test\FLASH_test.cydsn/flash_config_u.c ****  * CONFIDENTIAL AND PROPRIETARY INFORMATION
   8:..\..\FLASH_test\FLASH_test.cydsn/flash_config_u.c ****  * WHICH IS THE PROPERTY OF your company.
   9:..\..\FLASH_test\FLASH_test.cydsn/flash_config_u.c ****  *
  10:..\..\FLASH_test\FLASH_test.cydsn/flash_config_u.c ****  * ========================================
  11:..\..\FLASH_test\FLASH_test.cydsn/flash_config_u.c **** */
  12:..\..\FLASH_test\FLASH_test.cydsn/flash_config_u.c **** #include "project.h"
  13:..\..\FLASH_test\FLASH_test.cydsn/flash_config_u.c **** #include "Config_u.h"
  14:..\..\FLASH_test\FLASH_test.cydsn/flash_config_u.c **** #include "flash_config_u.h"
  15:..\..\FLASH_test\FLASH_test.cydsn/flash_config_u.c **** #include <stdlib.h>
  16:..\..\FLASH_test\FLASH_test.cydsn/flash_config_u.c **** #include <string.h>
  17:..\..\FLASH_test\FLASH_test.cydsn/flash_config_u.c **** uint32_t* free_data(uint32_t data[MAX_SENSOR_VALUE])
  18:..\..\FLASH_test\FLASH_test.cydsn/flash_config_u.c **** {
  29              		.loc 1 18 0
  30              		.cfi_startproc
  31              		@ args = 0, pretend = 0, frame = 0
  32              		@ frame_needed = 0, uses_anonymous_args = 0
  33              		@ link register save eliminated.
  34              	.LVL0:
  19:..\..\FLASH_test\FLASH_test.cydsn/flash_config_u.c ****   uint8 idx;
  20:..\..\FLASH_test\FLASH_test.cydsn/flash_config_u.c ****     for(idx = ZERO; idx<MAX_SENSOR_VALUE;idx++)
  35              		.loc 1 20 0
  36 0000 0023     		movs	r3, #0
  37 0002 04E0     		b	.L2
ARM GAS  C:\Users\kotli\AppData\Local\Temp\ccEJhrhi.s 			page 2


  38              	.LVL1:
  39              	.L3:
  21:..\..\FLASH_test\FLASH_test.cydsn/flash_config_u.c ****     {
  22:..\..\FLASH_test\FLASH_test.cydsn/flash_config_u.c ****      data[idx]=ZERO;   
  40              		.loc 1 22 0 discriminator 3
  41 0004 0022     		movs	r2, #0
  42 0006 40F82320 		str	r2, [r0, r3, lsl #2]
  20:..\..\FLASH_test\FLASH_test.cydsn/flash_config_u.c ****     {
  43              		.loc 1 20 0 discriminator 3
  44 000a 0133     		adds	r3, r3, #1
  45              	.LVL2:
  46 000c DBB2     		uxtb	r3, r3
  47              	.LVL3:
  48              	.L2:
  20:..\..\FLASH_test\FLASH_test.cydsn/flash_config_u.c ****     {
  49              		.loc 1 20 0 is_stmt 0 discriminator 1
  50 000e 092B     		cmp	r3, #9
  51 0010 F8D9     		bls	.L3
  23:..\..\FLASH_test\FLASH_test.cydsn/flash_config_u.c ****     }
  24:..\..\FLASH_test\FLASH_test.cydsn/flash_config_u.c ****     return data;
  25:..\..\FLASH_test\FLASH_test.cydsn/flash_config_u.c **** }
  52              		.loc 1 25 0 is_stmt 1
  53 0012 7047     		bx	lr
  54              		.cfi_endproc
  55              	.LFE315:
  56              		.size	free_data, .-free_data
  57              		.section	.text.make_data_for_flash,"ax",%progbits
  58              		.align	2
  59              		.global	make_data_for_flash
  60              		.thumb
  61              		.thumb_func
  62              		.type	make_data_for_flash, %function
  63              	make_data_for_flash:
  64              	.LFB316:
  26:..\..\FLASH_test\FLASH_test.cydsn/flash_config_u.c **** uint32_t* make_data_for_flash(uint32_t data[MAX_SENSOR_VALUE],uint8 len)
  27:..\..\FLASH_test\FLASH_test.cydsn/flash_config_u.c **** {
  65              		.loc 1 27 0
  66              		.cfi_startproc
  67              		@ args = 0, pretend = 0, frame = 0
  68              		@ frame_needed = 0, uses_anonymous_args = 0
  69              		@ link register save eliminated.
  70              	.LVL4:
  28:..\..\FLASH_test\FLASH_test.cydsn/flash_config_u.c ****   uint8 idx;
  29:..\..\FLASH_test\FLASH_test.cydsn/flash_config_u.c ****   
  30:..\..\FLASH_test\FLASH_test.cydsn/flash_config_u.c **** for(idx=ZERO; idx<len; idx++)
  71              		.loc 1 30 0
  72 0000 0023     		movs	r3, #0
  73 0002 04E0     		b	.L5
  74              	.LVL5:
  75              	.L6:
  31:..\..\FLASH_test\FLASH_test.cydsn/flash_config_u.c **** {
  32:..\..\FLASH_test\FLASH_test.cydsn/flash_config_u.c ****  data[idx]=0x2b;
  76              		.loc 1 32 0 discriminator 3
  77 0004 2B22     		movs	r2, #43
  78 0006 40F82320 		str	r2, [r0, r3, lsl #2]
  30:..\..\FLASH_test\FLASH_test.cydsn/flash_config_u.c **** {
  79              		.loc 1 30 0 discriminator 3
ARM GAS  C:\Users\kotli\AppData\Local\Temp\ccEJhrhi.s 			page 3


  80 000a 0133     		adds	r3, r3, #1
  81              	.LVL6:
  82 000c DBB2     		uxtb	r3, r3
  83              	.LVL7:
  84              	.L5:
  30:..\..\FLASH_test\FLASH_test.cydsn/flash_config_u.c **** {
  85              		.loc 1 30 0 is_stmt 0 discriminator 1
  86 000e 8B42     		cmp	r3, r1
  87 0010 F8D3     		bcc	.L6
  33:..\..\FLASH_test\FLASH_test.cydsn/flash_config_u.c **** 
  34:..\..\FLASH_test\FLASH_test.cydsn/flash_config_u.c **** }
  35:..\..\FLASH_test\FLASH_test.cydsn/flash_config_u.c **** return data;
  36:..\..\FLASH_test\FLASH_test.cydsn/flash_config_u.c **** }
  88              		.loc 1 36 0 is_stmt 1
  89 0012 7047     		bx	lr
  90              		.cfi_endproc
  91              	.LFE316:
  92              		.size	make_data_for_flash, .-make_data_for_flash
  93              		.section	.text.write_flash_data_u,"ax",%progbits
  94              		.align	2
  95              		.global	write_flash_data_u
  96              		.thumb
  97              		.thumb_func
  98              		.type	write_flash_data_u, %function
  99              	write_flash_data_u:
 100              	.LFB317:
  37:..\..\FLASH_test\FLASH_test.cydsn/flash_config_u.c **** uint32_t* write_flash_data_u(uint32_t* dataF,uint32_t* data)
  38:..\..\FLASH_test\FLASH_test.cydsn/flash_config_u.c **** {
 101              		.loc 1 38 0
 102              		.cfi_startproc
 103              		@ args = 0, pretend = 0, frame = 0
 104              		@ frame_needed = 0, uses_anonymous_args = 0
 105              	.LVL8:
 106 0000 10B5     		push	{r4, lr}
 107              		.cfi_def_cfa_offset 8
 108              		.cfi_offset 4, -8
 109              		.cfi_offset 14, -4
 110 0002 0C46     		mov	r4, r1
  39:..\..\FLASH_test\FLASH_test.cydsn/flash_config_u.c ****      Cy_Flash_WriteRow((uint32_t)dataF,(const uint32_t*) data);
 111              		.loc 1 39 0
 112 0004 FFF7FEFF 		bl	Cy_Flash_WriteRow
 113              	.LVL9:
  40:..\..\FLASH_test\FLASH_test.cydsn/flash_config_u.c ****      return data;
  41:..\..\FLASH_test\FLASH_test.cydsn/flash_config_u.c **** }
 114              		.loc 1 41 0
 115 0008 2046     		mov	r0, r4
 116 000a 10BD     		pop	{r4, pc}
 117              		.cfi_endproc
 118              	.LFE317:
 119              		.size	write_flash_data_u, .-write_flash_data_u
 120              		.section	.text.write_flash_data,"ax",%progbits
 121              		.align	2
 122              		.global	write_flash_data
 123              		.thumb
 124              		.thumb_func
 125              		.type	write_flash_data, %function
 126              	write_flash_data:
ARM GAS  C:\Users\kotli\AppData\Local\Temp\ccEJhrhi.s 			page 4


 127              	.LFB318:
  42:..\..\FLASH_test\FLASH_test.cydsn/flash_config_u.c **** uint32_t* write_flash_data(uint32_t* Data)
  43:..\..\FLASH_test\FLASH_test.cydsn/flash_config_u.c **** {
 128              		.loc 1 43 0
 129              		.cfi_startproc
 130              		@ args = 0, pretend = 0, frame = 0
 131              		@ frame_needed = 0, uses_anonymous_args = 0
 132              	.LVL10:
 133 0000 10B5     		push	{r4, lr}
 134              		.cfi_def_cfa_offset 8
 135              		.cfi_offset 4, -8
 136              		.cfi_offset 14, -4
 137 0002 0446     		mov	r4, r0
 138              	.LVL11:
  44:..\..\FLASH_test\FLASH_test.cydsn/flash_config_u.c ****     uint8 idx;
  45:..\..\FLASH_test\FLASH_test.cydsn/flash_config_u.c ****     for(idx=0;idx<10u;idx++)
 139              		.loc 1 45 0
 140 0004 0023     		movs	r3, #0
 141 0006 04E0     		b	.L10
 142              	.LVL12:
 143              	.L11:
  46:..\..\FLASH_test\FLASH_test.cydsn/flash_config_u.c ****     {
  47:..\..\FLASH_test\FLASH_test.cydsn/flash_config_u.c ****        Data[idx]=0x2b;
 144              		.loc 1 47 0 discriminator 3
 145 0008 2B22     		movs	r2, #43
 146 000a 44F82320 		str	r2, [r4, r3, lsl #2]
  45:..\..\FLASH_test\FLASH_test.cydsn/flash_config_u.c ****     {
 147              		.loc 1 45 0 discriminator 3
 148 000e 0133     		adds	r3, r3, #1
 149              	.LVL13:
 150 0010 DBB2     		uxtb	r3, r3
 151              	.LVL14:
 152              	.L10:
  45:..\..\FLASH_test\FLASH_test.cydsn/flash_config_u.c ****     {
 153              		.loc 1 45 0 is_stmt 0 discriminator 1
 154 0012 092B     		cmp	r3, #9
 155 0014 F8D9     		bls	.L11
 156              	.LVL15:
  48:..\..\FLASH_test\FLASH_test.cydsn/flash_config_u.c ****     }
  49:..\..\FLASH_test\FLASH_test.cydsn/flash_config_u.c ****     uint32_t* ptr = Data;
  50:..\..\FLASH_test\FLASH_test.cydsn/flash_config_u.c ****      Cy_Flash_WriteRow(FLASH_ADDR, ptr);
 157              		.loc 1 50 0 is_stmt 1
 158 0016 2146     		mov	r1, r4
 159 0018 4FF0A050 		mov	r0, #335544320
 160              	.LVL16:
 161 001c FFF7FEFF 		bl	Cy_Flash_WriteRow
 162              	.LVL17:
  51:..\..\FLASH_test\FLASH_test.cydsn/flash_config_u.c ****     return ptr;
  52:..\..\FLASH_test\FLASH_test.cydsn/flash_config_u.c **** }
 163              		.loc 1 52 0
 164 0020 2046     		mov	r0, r4
 165 0022 10BD     		pop	{r4, pc}
 166              		.cfi_endproc
 167              	.LFE318:
 168              		.size	write_flash_data, .-write_flash_data
 169              		.section	.text.get_checksum,"ax",%progbits
 170              		.align	2
ARM GAS  C:\Users\kotli\AppData\Local\Temp\ccEJhrhi.s 			page 5


 171              		.global	get_checksum
 172              		.thumb
 173              		.thumb_func
 174              		.type	get_checksum, %function
 175              	get_checksum:
 176              	.LFB319:
  53:..\..\FLASH_test\FLASH_test.cydsn/flash_config_u.c **** uint32_t get_checksum(uint32_t* msg, uint32_t len)
  54:..\..\FLASH_test\FLASH_test.cydsn/flash_config_u.c **** {
 177              		.loc 1 54 0
 178              		.cfi_startproc
 179              		@ args = 0, pretend = 0, frame = 0
 180              		@ frame_needed = 0, uses_anonymous_args = 0
 181              		@ link register save eliminated.
 182              	.LVL18:
 183 0000 10B4     		push	{r4}
 184              		.cfi_def_cfa_offset 4
 185              		.cfi_offset 4, -4
 186              	.LVL19:
  55:..\..\FLASH_test\FLASH_test.cydsn/flash_config_u.c ****   uint8_t idx;
  56:..\..\FLASH_test\FLASH_test.cydsn/flash_config_u.c ****   uint32_t checksum = 1;
 187              		.loc 1 56 0
 188 0002 0122     		movs	r2, #1
  57:..\..\FLASH_test\FLASH_test.cydsn/flash_config_u.c ****     for(idx = ZERO; idx < len; idx++)
 189              		.loc 1 57 0
 190 0004 0023     		movs	r3, #0
 191 0006 04E0     		b	.L14
 192              	.LVL20:
 193              	.L15:
  58:..\..\FLASH_test\FLASH_test.cydsn/flash_config_u.c ****     {
  59:..\..\FLASH_test\FLASH_test.cydsn/flash_config_u.c ****      checksum ^= msg[idx];   
 194              		.loc 1 59 0 discriminator 3
 195 0008 50F82340 		ldr	r4, [r0, r3, lsl #2]
 196 000c 6240     		eors	r2, r2, r4
 197              	.LVL21:
  57:..\..\FLASH_test\FLASH_test.cydsn/flash_config_u.c ****     for(idx = ZERO; idx < len; idx++)
 198              		.loc 1 57 0 discriminator 3
 199 000e 0133     		adds	r3, r3, #1
 200              	.LVL22:
 201 0010 DBB2     		uxtb	r3, r3
 202              	.LVL23:
 203              	.L14:
  57:..\..\FLASH_test\FLASH_test.cydsn/flash_config_u.c ****     for(idx = ZERO; idx < len; idx++)
 204              		.loc 1 57 0 is_stmt 0 discriminator 1
 205 0012 8B42     		cmp	r3, r1
 206 0014 F8D3     		bcc	.L15
  60:..\..\FLASH_test\FLASH_test.cydsn/flash_config_u.c ****     }
  61:..\..\FLASH_test\FLASH_test.cydsn/flash_config_u.c ****   return checksum;
  62:..\..\FLASH_test\FLASH_test.cydsn/flash_config_u.c **** }
 207              		.loc 1 62 0 is_stmt 1
 208 0016 1046     		mov	r0, r2
 209              	.LVL24:
 210 0018 5DF8044B 		ldr	r4, [sp], #4
 211              		.cfi_restore 4
 212              		.cfi_def_cfa_offset 0
 213 001c 7047     		bx	lr
 214              		.cfi_endproc
 215              	.LFE319:
ARM GAS  C:\Users\kotli\AppData\Local\Temp\ccEJhrhi.s 			page 6


 216              		.size	get_checksum, .-get_checksum
 217              		.section	.text.eraze_flash_data,"ax",%progbits
 218              		.align	2
 219              		.global	eraze_flash_data
 220              		.thumb
 221              		.thumb_func
 222              		.type	eraze_flash_data, %function
 223              	eraze_flash_data:
 224              	.LFB320:
  63:..\..\FLASH_test\FLASH_test.cydsn/flash_config_u.c **** void eraze_flash_data(void)
  64:..\..\FLASH_test\FLASH_test.cydsn/flash_config_u.c **** {
 225              		.loc 1 64 0
 226              		.cfi_startproc
 227              		@ args = 0, pretend = 0, frame = 0
 228              		@ frame_needed = 0, uses_anonymous_args = 0
 229 0000 10B5     		push	{r4, lr}
 230              		.cfi_def_cfa_offset 8
 231              		.cfi_offset 4, -8
 232              		.cfi_offset 14, -4
  65:..\..\FLASH_test\FLASH_test.cydsn/flash_config_u.c ****   uint32_t* ptr = (uint32_t*) malloc(0x40);    
 233              		.loc 1 65 0
 234 0002 4020     		movs	r0, #64
 235 0004 FFF7FEFF 		bl	malloc
 236              	.LVL25:
 237 0008 0446     		mov	r4, r0
 238              	.LVL26:
  66:..\..\FLASH_test\FLASH_test.cydsn/flash_config_u.c ****   memset(ptr, ZERO, 0x40);
 239              		.loc 1 66 0
 240 000a 4022     		movs	r2, #64
 241 000c 0021     		movs	r1, #0
 242 000e FFF7FEFF 		bl	memset
 243              	.LVL27:
  67:..\..\FLASH_test\FLASH_test.cydsn/flash_config_u.c ****     Cy_Flash_WriteRow(FLASH_ADDR, ptr);
 244              		.loc 1 67 0
 245 0012 2146     		mov	r1, r4
 246 0014 4FF0A050 		mov	r0, #335544320
 247 0018 FFF7FEFF 		bl	Cy_Flash_WriteRow
 248              	.LVL28:
  68:..\..\FLASH_test\FLASH_test.cydsn/flash_config_u.c ****     free(ptr);
 249              		.loc 1 68 0
 250 001c 2046     		mov	r0, r4
 251 001e FFF7FEFF 		bl	free
 252              	.LVL29:
 253 0022 10BD     		pop	{r4, pc}
 254              		.cfi_endproc
 255              	.LFE320:
 256              		.size	eraze_flash_data, .-eraze_flash_data
 257              		.text
 258              	.Letext0:
 259              		.file 2 "c:\\program files (x86)\\cypress\\psoc creator\\4.3\\psoc creator\\import\\gnu\\arm\\5.4.
 260              		.file 3 "c:\\program files (x86)\\cypress\\psoc creator\\4.3\\psoc creator\\import\\gnu\\arm\\5.4.
 261              		.file 4 "Generated_Source\\PSoC6\\pdl\\drivers/peripheral/syslib/cy_syslib.h"
 262              		.file 5 "Generated_Source\\PSoC6\\pdl\\drivers/peripheral/flash/cy_flash.h"
 263              		.file 6 "c:\\program files (x86)\\cypress\\psoc creator\\4.3\\psoc creator\\import\\gnu\\arm\\5.4.
 264              		.file 7 "Generated_Source\\PSoC6\\pdl\\cmsis/include/core_cm4.h"
 265              		.section	.debug_info,"",%progbits
 266              	.Ldebug_info0:
ARM GAS  C:\Users\kotli\AppData\Local\Temp\ccEJhrhi.s 			page 7


 267 0000 1F030000 		.4byte	0x31f
 268 0004 0400     		.2byte	0x4
 269 0006 00000000 		.4byte	.Ldebug_abbrev0
 270 000a 04       		.byte	0x4
 271 000b 01       		.uleb128 0x1
 272 000c 6A010000 		.4byte	.LASF34
 273 0010 0C       		.byte	0xc
 274 0011 2E020000 		.4byte	.LASF35
 275 0015 80000000 		.4byte	.LASF36
 276 0019 00000000 		.4byte	.Ldebug_ranges0+0
 277 001d 00000000 		.4byte	0
 278 0021 00000000 		.4byte	.Ldebug_line0
 279 0025 02       		.uleb128 0x2
 280 0026 02       		.byte	0x2
 281 0027 05       		.byte	0x5
 282 0028 79020000 		.4byte	.LASF0
 283 002c 02       		.uleb128 0x2
 284 002d 01       		.byte	0x1
 285 002e 06       		.byte	0x6
 286 002f A7020000 		.4byte	.LASF1
 287 0033 03       		.uleb128 0x3
 288 0034 09000000 		.4byte	.LASF4
 289 0038 02       		.byte	0x2
 290 0039 1D       		.byte	0x1d
 291 003a 3E000000 		.4byte	0x3e
 292 003e 02       		.uleb128 0x2
 293 003f 01       		.byte	0x1
 294 0040 08       		.byte	0x8
 295 0041 C0000000 		.4byte	.LASF2
 296 0045 02       		.uleb128 0x2
 297 0046 02       		.byte	0x2
 298 0047 07       		.byte	0x7
 299 0048 2A000000 		.4byte	.LASF3
 300 004c 03       		.uleb128 0x3
 301 004d 20000000 		.4byte	.LASF5
 302 0051 02       		.byte	0x2
 303 0052 3F       		.byte	0x3f
 304 0053 57000000 		.4byte	0x57
 305 0057 02       		.uleb128 0x2
 306 0058 04       		.byte	0x4
 307 0059 05       		.byte	0x5
 308 005a 92020000 		.4byte	.LASF6
 309 005e 03       		.uleb128 0x3
 310 005f 29010000 		.4byte	.LASF7
 311 0063 02       		.byte	0x2
 312 0064 41       		.byte	0x41
 313 0065 69000000 		.4byte	0x69
 314 0069 02       		.uleb128 0x2
 315 006a 04       		.byte	0x4
 316 006b 07       		.byte	0x7
 317 006c CE000000 		.4byte	.LASF8
 318 0070 02       		.uleb128 0x2
 319 0071 08       		.byte	0x8
 320 0072 05       		.byte	0x5
 321 0073 66020000 		.4byte	.LASF9
 322 0077 02       		.uleb128 0x2
 323 0078 08       		.byte	0x8
ARM GAS  C:\Users\kotli\AppData\Local\Temp\ccEJhrhi.s 			page 8


 324 0079 07       		.byte	0x7
 325 007a 4B010000 		.4byte	.LASF10
 326 007e 04       		.uleb128 0x4
 327 007f 04       		.byte	0x4
 328 0080 05       		.byte	0x5
 329 0081 696E7400 		.ascii	"int\000"
 330 0085 02       		.uleb128 0x2
 331 0086 04       		.byte	0x4
 332 0087 07       		.byte	0x7
 333 0088 34010000 		.4byte	.LASF11
 334 008c 03       		.uleb128 0x3
 335 008d 62010000 		.4byte	.LASF12
 336 0091 03       		.byte	0x3
 337 0092 18       		.byte	0x18
 338 0093 33000000 		.4byte	0x33
 339 0097 03       		.uleb128 0x3
 340 0098 1D020000 		.4byte	.LASF13
 341 009c 03       		.byte	0x3
 342 009d 2C       		.byte	0x2c
 343 009e 4C000000 		.4byte	0x4c
 344 00a2 03       		.uleb128 0x3
 345 00a3 89020000 		.4byte	.LASF14
 346 00a7 03       		.byte	0x3
 347 00a8 30       		.byte	0x30
 348 00a9 5E000000 		.4byte	0x5e
 349 00ad 02       		.uleb128 0x2
 350 00ae 04       		.byte	0x4
 351 00af 07       		.byte	0x7
 352 00b0 25020000 		.4byte	.LASF15
 353 00b4 02       		.uleb128 0x2
 354 00b5 08       		.byte	0x8
 355 00b6 04       		.byte	0x4
 356 00b7 9B020000 		.4byte	.LASF16
 357 00bb 02       		.uleb128 0x2
 358 00bc 01       		.byte	0x1
 359 00bd 08       		.byte	0x8
 360 00be 74020000 		.4byte	.LASF17
 361 00c2 02       		.uleb128 0x2
 362 00c3 04       		.byte	0x4
 363 00c4 04       		.byte	0x4
 364 00c5 67000000 		.4byte	.LASF18
 365 00c9 02       		.uleb128 0x2
 366 00ca 08       		.byte	0x8
 367 00cb 04       		.byte	0x4
 368 00cc 0C010000 		.4byte	.LASF19
 369 00d0 05       		.uleb128 0x5
 370 00d1 E0000000 		.4byte	.LASF20
 371 00d5 04       		.byte	0x4
 372 00d6 8503     		.2byte	0x385
 373 00d8 8C000000 		.4byte	0x8c
 374 00dc 06       		.uleb128 0x6
 375 00dd 04       		.byte	0x4
 376 00de A2000000 		.4byte	0xa2
 377 00e2 02       		.uleb128 0x2
 378 00e3 01       		.byte	0x1
 379 00e4 02       		.byte	0x2
 380 00e5 B3020000 		.4byte	.LASF21
ARM GAS  C:\Users\kotli\AppData\Local\Temp\ccEJhrhi.s 			page 9


 381 00e9 07       		.uleb128 0x7
 382 00ea 41010000 		.4byte	.LASF22
 383 00ee 01       		.byte	0x1
 384 00ef 11       		.byte	0x11
 385 00f0 DC000000 		.4byte	0xdc
 386 00f4 00000000 		.4byte	.LFB315
 387 00f8 14000000 		.4byte	.LFE315-.LFB315
 388 00fc 01       		.uleb128 0x1
 389 00fd 9C       		.byte	0x9c
 390 00fe 1F010000 		.4byte	0x11f
 391 0102 08       		.uleb128 0x8
 392 0103 3D000000 		.4byte	.LASF24
 393 0107 01       		.byte	0x1
 394 0108 11       		.byte	0x11
 395 0109 DC000000 		.4byte	0xdc
 396 010d 01       		.uleb128 0x1
 397 010e 50       		.byte	0x50
 398 010f 09       		.uleb128 0x9
 399 0110 69647800 		.ascii	"idx\000"
 400 0114 01       		.byte	0x1
 401 0115 13       		.byte	0x13
 402 0116 D0000000 		.4byte	0xd0
 403 011a 00000000 		.4byte	.LLST0
 404 011e 00       		.byte	0
 405 011f 07       		.uleb128 0x7
 406 0120 53000000 		.4byte	.LASF23
 407 0124 01       		.byte	0x1
 408 0125 1A       		.byte	0x1a
 409 0126 DC000000 		.4byte	0xdc
 410 012a 00000000 		.4byte	.LFB316
 411 012e 14000000 		.4byte	.LFE316-.LFB316
 412 0132 01       		.uleb128 0x1
 413 0133 9C       		.byte	0x9c
 414 0134 62010000 		.4byte	0x162
 415 0138 08       		.uleb128 0x8
 416 0139 3D000000 		.4byte	.LASF24
 417 013d 01       		.byte	0x1
 418 013e 1A       		.byte	0x1a
 419 013f DC000000 		.4byte	0xdc
 420 0143 01       		.uleb128 0x1
 421 0144 50       		.byte	0x50
 422 0145 0A       		.uleb128 0xa
 423 0146 6C656E00 		.ascii	"len\000"
 424 014a 01       		.byte	0x1
 425 014b 1A       		.byte	0x1a
 426 014c D0000000 		.4byte	0xd0
 427 0150 01       		.uleb128 0x1
 428 0151 51       		.byte	0x51
 429 0152 09       		.uleb128 0x9
 430 0153 69647800 		.ascii	"idx\000"
 431 0157 01       		.byte	0x1
 432 0158 1C       		.byte	0x1c
 433 0159 D0000000 		.4byte	0xd0
 434 015d 2A000000 		.4byte	.LLST1
 435 0161 00       		.byte	0
 436 0162 07       		.uleb128 0x7
 437 0163 6D000000 		.4byte	.LASF25
ARM GAS  C:\Users\kotli\AppData\Local\Temp\ccEJhrhi.s 			page 10


 438 0167 01       		.byte	0x1
 439 0168 25       		.byte	0x25
 440 0169 DC000000 		.4byte	0xdc
 441 016d 00000000 		.4byte	.LFB317
 442 0171 0C000000 		.4byte	.LFE317-.LFB317
 443 0175 01       		.uleb128 0x1
 444 0176 9C       		.byte	0x9c
 445 0177 B1010000 		.4byte	0x1b1
 446 017b 0B       		.uleb128 0xb
 447 017c 83020000 		.4byte	.LASF26
 448 0180 01       		.byte	0x1
 449 0181 25       		.byte	0x25
 450 0182 DC000000 		.4byte	0xdc
 451 0186 54000000 		.4byte	.LLST2
 452 018a 0B       		.uleb128 0xb
 453 018b 3D000000 		.4byte	.LASF24
 454 018f 01       		.byte	0x1
 455 0190 25       		.byte	0x25
 456 0191 DC000000 		.4byte	0xdc
 457 0195 75000000 		.4byte	.LLST3
 458 0199 0C       		.uleb128 0xc
 459 019a 08000000 		.4byte	.LVL9
 460 019e F7020000 		.4byte	0x2f7
 461 01a2 0D       		.uleb128 0xd
 462 01a3 01       		.uleb128 0x1
 463 01a4 50       		.byte	0x50
 464 01a5 03       		.uleb128 0x3
 465 01a6 F3       		.byte	0xf3
 466 01a7 01       		.uleb128 0x1
 467 01a8 50       		.byte	0x50
 468 01a9 0D       		.uleb128 0xd
 469 01aa 01       		.uleb128 0x1
 470 01ab 51       		.byte	0x51
 471 01ac 02       		.uleb128 0x2
 472 01ad 74       		.byte	0x74
 473 01ae 00       		.sleb128 0
 474 01af 00       		.byte	0
 475 01b0 00       		.byte	0
 476 01b1 07       		.uleb128 0x7
 477 01b2 42000000 		.4byte	.LASF27
 478 01b6 01       		.byte	0x1
 479 01b7 2A       		.byte	0x2a
 480 01b8 DC000000 		.4byte	0xdc
 481 01bc 00000000 		.4byte	.LFB318
 482 01c0 24000000 		.4byte	.LFE318-.LFB318
 483 01c4 01       		.uleb128 0x1
 484 01c5 9C       		.byte	0x9c
 485 01c6 0F020000 		.4byte	0x20f
 486 01ca 0B       		.uleb128 0xb
 487 01cb 24010000 		.4byte	.LASF28
 488 01cf 01       		.byte	0x1
 489 01d0 2A       		.byte	0x2a
 490 01d1 DC000000 		.4byte	0xdc
 491 01d5 93000000 		.4byte	.LLST4
 492 01d9 09       		.uleb128 0x9
 493 01da 69647800 		.ascii	"idx\000"
 494 01de 01       		.byte	0x1
ARM GAS  C:\Users\kotli\AppData\Local\Temp\ccEJhrhi.s 			page 11


 495 01df 2C       		.byte	0x2c
 496 01e0 D0000000 		.4byte	0xd0
 497 01e4 B1000000 		.4byte	.LLST5
 498 01e8 09       		.uleb128 0x9
 499 01e9 70747200 		.ascii	"ptr\000"
 500 01ed 01       		.byte	0x1
 501 01ee 31       		.byte	0x31
 502 01ef DC000000 		.4byte	0xdc
 503 01f3 DB000000 		.4byte	.LLST6
 504 01f7 0C       		.uleb128 0xc
 505 01f8 20000000 		.4byte	.LVL17
 506 01fc F7020000 		.4byte	0x2f7
 507 0200 0D       		.uleb128 0xd
 508 0201 01       		.uleb128 0x1
 509 0202 50       		.byte	0x50
 510 0203 03       		.uleb128 0x3
 511 0204 44       		.byte	0x44
 512 0205 48       		.byte	0x48
 513 0206 24       		.byte	0x24
 514 0207 0D       		.uleb128 0xd
 515 0208 01       		.uleb128 0x1
 516 0209 51       		.byte	0x51
 517 020a 02       		.uleb128 0x2
 518 020b 74       		.byte	0x74
 519 020c 00       		.sleb128 0
 520 020d 00       		.byte	0
 521 020e 00       		.byte	0
 522 020f 07       		.uleb128 0x7
 523 0210 13000000 		.4byte	.LASF29
 524 0214 01       		.byte	0x1
 525 0215 35       		.byte	0x35
 526 0216 A2000000 		.4byte	0xa2
 527 021a 00000000 		.4byte	.LFB319
 528 021e 1E000000 		.4byte	.LFE319-.LFB319
 529 0222 01       		.uleb128 0x1
 530 0223 9C       		.byte	0x9c
 531 0224 63020000 		.4byte	0x263
 532 0228 0E       		.uleb128 0xe
 533 0229 6D736700 		.ascii	"msg\000"
 534 022d 01       		.byte	0x1
 535 022e 35       		.byte	0x35
 536 022f DC000000 		.4byte	0xdc
 537 0233 04010000 		.4byte	.LLST7
 538 0237 0A       		.uleb128 0xa
 539 0238 6C656E00 		.ascii	"len\000"
 540 023c 01       		.byte	0x1
 541 023d 35       		.byte	0x35
 542 023e A2000000 		.4byte	0xa2
 543 0242 01       		.uleb128 0x1
 544 0243 51       		.byte	0x51
 545 0244 09       		.uleb128 0x9
 546 0245 69647800 		.ascii	"idx\000"
 547 0249 01       		.byte	0x1
 548 024a 37       		.byte	0x37
 549 024b 8C000000 		.4byte	0x8c
 550 024f 25010000 		.4byte	.LLST8
 551 0253 0F       		.uleb128 0xf
ARM GAS  C:\Users\kotli\AppData\Local\Temp\ccEJhrhi.s 			page 12


 552 0254 00000000 		.4byte	.LASF30
 553 0258 01       		.byte	0x1
 554 0259 38       		.byte	0x38
 555 025a A2000000 		.4byte	0xa2
 556 025e 4F010000 		.4byte	.LLST9
 557 0262 00       		.byte	0
 558 0263 10       		.uleb128 0x10
 559 0264 13010000 		.4byte	.LASF37
 560 0268 01       		.byte	0x1
 561 0269 3F       		.byte	0x3f
 562 026a 00000000 		.4byte	.LFB320
 563 026e 24000000 		.4byte	.LFE320-.LFB320
 564 0272 01       		.uleb128 0x1
 565 0273 9C       		.byte	0x9c
 566 0274 E6020000 		.4byte	0x2e6
 567 0278 09       		.uleb128 0x9
 568 0279 70747200 		.ascii	"ptr\000"
 569 027d 01       		.byte	0x1
 570 027e 41       		.byte	0x41
 571 027f DC000000 		.4byte	0xdc
 572 0283 6E010000 		.4byte	.LLST10
 573 0287 11       		.uleb128 0x11
 574 0288 08000000 		.4byte	.LVL25
 575 028c 03030000 		.4byte	0x303
 576 0290 9B020000 		.4byte	0x29b
 577 0294 0D       		.uleb128 0xd
 578 0295 01       		.uleb128 0x1
 579 0296 50       		.byte	0x50
 580 0297 02       		.uleb128 0x2
 581 0298 08       		.byte	0x8
 582 0299 40       		.byte	0x40
 583 029a 00       		.byte	0
 584 029b 11       		.uleb128 0x11
 585 029c 12000000 		.4byte	.LVL27
 586 02a0 0E030000 		.4byte	0x30e
 587 02a4 BA020000 		.4byte	0x2ba
 588 02a8 0D       		.uleb128 0xd
 589 02a9 01       		.uleb128 0x1
 590 02aa 50       		.byte	0x50
 591 02ab 02       		.uleb128 0x2
 592 02ac 74       		.byte	0x74
 593 02ad 00       		.sleb128 0
 594 02ae 0D       		.uleb128 0xd
 595 02af 01       		.uleb128 0x1
 596 02b0 51       		.byte	0x51
 597 02b1 01       		.uleb128 0x1
 598 02b2 30       		.byte	0x30
 599 02b3 0D       		.uleb128 0xd
 600 02b4 01       		.uleb128 0x1
 601 02b5 52       		.byte	0x52
 602 02b6 02       		.uleb128 0x2
 603 02b7 08       		.byte	0x8
 604 02b8 40       		.byte	0x40
 605 02b9 00       		.byte	0
 606 02ba 11       		.uleb128 0x11
 607 02bb 1C000000 		.4byte	.LVL28
 608 02bf F7020000 		.4byte	0x2f7
ARM GAS  C:\Users\kotli\AppData\Local\Temp\ccEJhrhi.s 			page 13


 609 02c3 D5020000 		.4byte	0x2d5
 610 02c7 0D       		.uleb128 0xd
 611 02c8 01       		.uleb128 0x1
 612 02c9 50       		.byte	0x50
 613 02ca 03       		.uleb128 0x3
 614 02cb 44       		.byte	0x44
 615 02cc 48       		.byte	0x48
 616 02cd 24       		.byte	0x24
 617 02ce 0D       		.uleb128 0xd
 618 02cf 01       		.uleb128 0x1
 619 02d0 51       		.byte	0x51
 620 02d1 02       		.uleb128 0x2
 621 02d2 74       		.byte	0x74
 622 02d3 00       		.sleb128 0
 623 02d4 00       		.byte	0
 624 02d5 0C       		.uleb128 0xc
 625 02d6 22000000 		.4byte	.LVL29
 626 02da 17030000 		.4byte	0x317
 627 02de 0D       		.uleb128 0xd
 628 02df 01       		.uleb128 0x1
 629 02e0 50       		.byte	0x50
 630 02e1 02       		.uleb128 0x2
 631 02e2 74       		.byte	0x74
 632 02e3 00       		.sleb128 0
 633 02e4 00       		.byte	0
 634 02e5 00       		.byte	0
 635 02e6 12       		.uleb128 0x12
 636 02e7 E6000000 		.4byte	.LASF38
 637 02eb 07       		.byte	0x7
 638 02ec EA07     		.2byte	0x7ea
 639 02ee F2020000 		.4byte	0x2f2
 640 02f2 13       		.uleb128 0x13
 641 02f3 97000000 		.4byte	0x97
 642 02f7 14       		.uleb128 0x14
 643 02f8 FA000000 		.4byte	.LASF31
 644 02fc FA000000 		.4byte	.LASF31
 645 0300 05       		.byte	0x5
 646 0301 8D01     		.2byte	0x18d
 647 0303 15       		.uleb128 0x15
 648 0304 B9020000 		.4byte	.LASF32
 649 0308 B9020000 		.4byte	.LASF32
 650 030c 06       		.byte	0x6
 651 030d 64       		.byte	0x64
 652 030e 16       		.uleb128 0x16
 653 030f F3000000 		.4byte	.LASF39
 654 0313 F3000000 		.4byte	.LASF39
 655 0317 15       		.uleb128 0x15
 656 0318 61020000 		.4byte	.LASF33
 657 031c 61020000 		.4byte	.LASF33
 658 0320 06       		.byte	0x6
 659 0321 59       		.byte	0x59
 660 0322 00       		.byte	0
 661              		.section	.debug_abbrev,"",%progbits
 662              	.Ldebug_abbrev0:
 663 0000 01       		.uleb128 0x1
 664 0001 11       		.uleb128 0x11
 665 0002 01       		.byte	0x1
ARM GAS  C:\Users\kotli\AppData\Local\Temp\ccEJhrhi.s 			page 14


 666 0003 25       		.uleb128 0x25
 667 0004 0E       		.uleb128 0xe
 668 0005 13       		.uleb128 0x13
 669 0006 0B       		.uleb128 0xb
 670 0007 03       		.uleb128 0x3
 671 0008 0E       		.uleb128 0xe
 672 0009 1B       		.uleb128 0x1b
 673 000a 0E       		.uleb128 0xe
 674 000b 55       		.uleb128 0x55
 675 000c 17       		.uleb128 0x17
 676 000d 11       		.uleb128 0x11
 677 000e 01       		.uleb128 0x1
 678 000f 10       		.uleb128 0x10
 679 0010 17       		.uleb128 0x17
 680 0011 00       		.byte	0
 681 0012 00       		.byte	0
 682 0013 02       		.uleb128 0x2
 683 0014 24       		.uleb128 0x24
 684 0015 00       		.byte	0
 685 0016 0B       		.uleb128 0xb
 686 0017 0B       		.uleb128 0xb
 687 0018 3E       		.uleb128 0x3e
 688 0019 0B       		.uleb128 0xb
 689 001a 03       		.uleb128 0x3
 690 001b 0E       		.uleb128 0xe
 691 001c 00       		.byte	0
 692 001d 00       		.byte	0
 693 001e 03       		.uleb128 0x3
 694 001f 16       		.uleb128 0x16
 695 0020 00       		.byte	0
 696 0021 03       		.uleb128 0x3
 697 0022 0E       		.uleb128 0xe
 698 0023 3A       		.uleb128 0x3a
 699 0024 0B       		.uleb128 0xb
 700 0025 3B       		.uleb128 0x3b
 701 0026 0B       		.uleb128 0xb
 702 0027 49       		.uleb128 0x49
 703 0028 13       		.uleb128 0x13
 704 0029 00       		.byte	0
 705 002a 00       		.byte	0
 706 002b 04       		.uleb128 0x4
 707 002c 24       		.uleb128 0x24
 708 002d 00       		.byte	0
 709 002e 0B       		.uleb128 0xb
 710 002f 0B       		.uleb128 0xb
 711 0030 3E       		.uleb128 0x3e
 712 0031 0B       		.uleb128 0xb
 713 0032 03       		.uleb128 0x3
 714 0033 08       		.uleb128 0x8
 715 0034 00       		.byte	0
 716 0035 00       		.byte	0
 717 0036 05       		.uleb128 0x5
 718 0037 16       		.uleb128 0x16
 719 0038 00       		.byte	0
 720 0039 03       		.uleb128 0x3
 721 003a 0E       		.uleb128 0xe
 722 003b 3A       		.uleb128 0x3a
ARM GAS  C:\Users\kotli\AppData\Local\Temp\ccEJhrhi.s 			page 15


 723 003c 0B       		.uleb128 0xb
 724 003d 3B       		.uleb128 0x3b
 725 003e 05       		.uleb128 0x5
 726 003f 49       		.uleb128 0x49
 727 0040 13       		.uleb128 0x13
 728 0041 00       		.byte	0
 729 0042 00       		.byte	0
 730 0043 06       		.uleb128 0x6
 731 0044 0F       		.uleb128 0xf
 732 0045 00       		.byte	0
 733 0046 0B       		.uleb128 0xb
 734 0047 0B       		.uleb128 0xb
 735 0048 49       		.uleb128 0x49
 736 0049 13       		.uleb128 0x13
 737 004a 00       		.byte	0
 738 004b 00       		.byte	0
 739 004c 07       		.uleb128 0x7
 740 004d 2E       		.uleb128 0x2e
 741 004e 01       		.byte	0x1
 742 004f 3F       		.uleb128 0x3f
 743 0050 19       		.uleb128 0x19
 744 0051 03       		.uleb128 0x3
 745 0052 0E       		.uleb128 0xe
 746 0053 3A       		.uleb128 0x3a
 747 0054 0B       		.uleb128 0xb
 748 0055 3B       		.uleb128 0x3b
 749 0056 0B       		.uleb128 0xb
 750 0057 27       		.uleb128 0x27
 751 0058 19       		.uleb128 0x19
 752 0059 49       		.uleb128 0x49
 753 005a 13       		.uleb128 0x13
 754 005b 11       		.uleb128 0x11
 755 005c 01       		.uleb128 0x1
 756 005d 12       		.uleb128 0x12
 757 005e 06       		.uleb128 0x6
 758 005f 40       		.uleb128 0x40
 759 0060 18       		.uleb128 0x18
 760 0061 9742     		.uleb128 0x2117
 761 0063 19       		.uleb128 0x19
 762 0064 01       		.uleb128 0x1
 763 0065 13       		.uleb128 0x13
 764 0066 00       		.byte	0
 765 0067 00       		.byte	0
 766 0068 08       		.uleb128 0x8
 767 0069 05       		.uleb128 0x5
 768 006a 00       		.byte	0
 769 006b 03       		.uleb128 0x3
 770 006c 0E       		.uleb128 0xe
 771 006d 3A       		.uleb128 0x3a
 772 006e 0B       		.uleb128 0xb
 773 006f 3B       		.uleb128 0x3b
 774 0070 0B       		.uleb128 0xb
 775 0071 49       		.uleb128 0x49
 776 0072 13       		.uleb128 0x13
 777 0073 02       		.uleb128 0x2
 778 0074 18       		.uleb128 0x18
 779 0075 00       		.byte	0
ARM GAS  C:\Users\kotli\AppData\Local\Temp\ccEJhrhi.s 			page 16


 780 0076 00       		.byte	0
 781 0077 09       		.uleb128 0x9
 782 0078 34       		.uleb128 0x34
 783 0079 00       		.byte	0
 784 007a 03       		.uleb128 0x3
 785 007b 08       		.uleb128 0x8
 786 007c 3A       		.uleb128 0x3a
 787 007d 0B       		.uleb128 0xb
 788 007e 3B       		.uleb128 0x3b
 789 007f 0B       		.uleb128 0xb
 790 0080 49       		.uleb128 0x49
 791 0081 13       		.uleb128 0x13
 792 0082 02       		.uleb128 0x2
 793 0083 17       		.uleb128 0x17
 794 0084 00       		.byte	0
 795 0085 00       		.byte	0
 796 0086 0A       		.uleb128 0xa
 797 0087 05       		.uleb128 0x5
 798 0088 00       		.byte	0
 799 0089 03       		.uleb128 0x3
 800 008a 08       		.uleb128 0x8
 801 008b 3A       		.uleb128 0x3a
 802 008c 0B       		.uleb128 0xb
 803 008d 3B       		.uleb128 0x3b
 804 008e 0B       		.uleb128 0xb
 805 008f 49       		.uleb128 0x49
 806 0090 13       		.uleb128 0x13
 807 0091 02       		.uleb128 0x2
 808 0092 18       		.uleb128 0x18
 809 0093 00       		.byte	0
 810 0094 00       		.byte	0
 811 0095 0B       		.uleb128 0xb
 812 0096 05       		.uleb128 0x5
 813 0097 00       		.byte	0
 814 0098 03       		.uleb128 0x3
 815 0099 0E       		.uleb128 0xe
 816 009a 3A       		.uleb128 0x3a
 817 009b 0B       		.uleb128 0xb
 818 009c 3B       		.uleb128 0x3b
 819 009d 0B       		.uleb128 0xb
 820 009e 49       		.uleb128 0x49
 821 009f 13       		.uleb128 0x13
 822 00a0 02       		.uleb128 0x2
 823 00a1 17       		.uleb128 0x17
 824 00a2 00       		.byte	0
 825 00a3 00       		.byte	0
 826 00a4 0C       		.uleb128 0xc
 827 00a5 898201   		.uleb128 0x4109
 828 00a8 01       		.byte	0x1
 829 00a9 11       		.uleb128 0x11
 830 00aa 01       		.uleb128 0x1
 831 00ab 31       		.uleb128 0x31
 832 00ac 13       		.uleb128 0x13
 833 00ad 00       		.byte	0
 834 00ae 00       		.byte	0
 835 00af 0D       		.uleb128 0xd
 836 00b0 8A8201   		.uleb128 0x410a
ARM GAS  C:\Users\kotli\AppData\Local\Temp\ccEJhrhi.s 			page 17


 837 00b3 00       		.byte	0
 838 00b4 02       		.uleb128 0x2
 839 00b5 18       		.uleb128 0x18
 840 00b6 9142     		.uleb128 0x2111
 841 00b8 18       		.uleb128 0x18
 842 00b9 00       		.byte	0
 843 00ba 00       		.byte	0
 844 00bb 0E       		.uleb128 0xe
 845 00bc 05       		.uleb128 0x5
 846 00bd 00       		.byte	0
 847 00be 03       		.uleb128 0x3
 848 00bf 08       		.uleb128 0x8
 849 00c0 3A       		.uleb128 0x3a
 850 00c1 0B       		.uleb128 0xb
 851 00c2 3B       		.uleb128 0x3b
 852 00c3 0B       		.uleb128 0xb
 853 00c4 49       		.uleb128 0x49
 854 00c5 13       		.uleb128 0x13
 855 00c6 02       		.uleb128 0x2
 856 00c7 17       		.uleb128 0x17
 857 00c8 00       		.byte	0
 858 00c9 00       		.byte	0
 859 00ca 0F       		.uleb128 0xf
 860 00cb 34       		.uleb128 0x34
 861 00cc 00       		.byte	0
 862 00cd 03       		.uleb128 0x3
 863 00ce 0E       		.uleb128 0xe
 864 00cf 3A       		.uleb128 0x3a
 865 00d0 0B       		.uleb128 0xb
 866 00d1 3B       		.uleb128 0x3b
 867 00d2 0B       		.uleb128 0xb
 868 00d3 49       		.uleb128 0x49
 869 00d4 13       		.uleb128 0x13
 870 00d5 02       		.uleb128 0x2
 871 00d6 17       		.uleb128 0x17
 872 00d7 00       		.byte	0
 873 00d8 00       		.byte	0
 874 00d9 10       		.uleb128 0x10
 875 00da 2E       		.uleb128 0x2e
 876 00db 01       		.byte	0x1
 877 00dc 3F       		.uleb128 0x3f
 878 00dd 19       		.uleb128 0x19
 879 00de 03       		.uleb128 0x3
 880 00df 0E       		.uleb128 0xe
 881 00e0 3A       		.uleb128 0x3a
 882 00e1 0B       		.uleb128 0xb
 883 00e2 3B       		.uleb128 0x3b
 884 00e3 0B       		.uleb128 0xb
 885 00e4 27       		.uleb128 0x27
 886 00e5 19       		.uleb128 0x19
 887 00e6 11       		.uleb128 0x11
 888 00e7 01       		.uleb128 0x1
 889 00e8 12       		.uleb128 0x12
 890 00e9 06       		.uleb128 0x6
 891 00ea 40       		.uleb128 0x40
 892 00eb 18       		.uleb128 0x18
 893 00ec 9742     		.uleb128 0x2117
ARM GAS  C:\Users\kotli\AppData\Local\Temp\ccEJhrhi.s 			page 18


 894 00ee 19       		.uleb128 0x19
 895 00ef 01       		.uleb128 0x1
 896 00f0 13       		.uleb128 0x13
 897 00f1 00       		.byte	0
 898 00f2 00       		.byte	0
 899 00f3 11       		.uleb128 0x11
 900 00f4 898201   		.uleb128 0x4109
 901 00f7 01       		.byte	0x1
 902 00f8 11       		.uleb128 0x11
 903 00f9 01       		.uleb128 0x1
 904 00fa 31       		.uleb128 0x31
 905 00fb 13       		.uleb128 0x13
 906 00fc 01       		.uleb128 0x1
 907 00fd 13       		.uleb128 0x13
 908 00fe 00       		.byte	0
 909 00ff 00       		.byte	0
 910 0100 12       		.uleb128 0x12
 911 0101 34       		.uleb128 0x34
 912 0102 00       		.byte	0
 913 0103 03       		.uleb128 0x3
 914 0104 0E       		.uleb128 0xe
 915 0105 3A       		.uleb128 0x3a
 916 0106 0B       		.uleb128 0xb
 917 0107 3B       		.uleb128 0x3b
 918 0108 05       		.uleb128 0x5
 919 0109 49       		.uleb128 0x49
 920 010a 13       		.uleb128 0x13
 921 010b 3F       		.uleb128 0x3f
 922 010c 19       		.uleb128 0x19
 923 010d 3C       		.uleb128 0x3c
 924 010e 19       		.uleb128 0x19
 925 010f 00       		.byte	0
 926 0110 00       		.byte	0
 927 0111 13       		.uleb128 0x13
 928 0112 35       		.uleb128 0x35
 929 0113 00       		.byte	0
 930 0114 49       		.uleb128 0x49
 931 0115 13       		.uleb128 0x13
 932 0116 00       		.byte	0
 933 0117 00       		.byte	0
 934 0118 14       		.uleb128 0x14
 935 0119 2E       		.uleb128 0x2e
 936 011a 00       		.byte	0
 937 011b 3F       		.uleb128 0x3f
 938 011c 19       		.uleb128 0x19
 939 011d 3C       		.uleb128 0x3c
 940 011e 19       		.uleb128 0x19
 941 011f 6E       		.uleb128 0x6e
 942 0120 0E       		.uleb128 0xe
 943 0121 03       		.uleb128 0x3
 944 0122 0E       		.uleb128 0xe
 945 0123 3A       		.uleb128 0x3a
 946 0124 0B       		.uleb128 0xb
 947 0125 3B       		.uleb128 0x3b
 948 0126 05       		.uleb128 0x5
 949 0127 00       		.byte	0
 950 0128 00       		.byte	0
ARM GAS  C:\Users\kotli\AppData\Local\Temp\ccEJhrhi.s 			page 19


 951 0129 15       		.uleb128 0x15
 952 012a 2E       		.uleb128 0x2e
 953 012b 00       		.byte	0
 954 012c 3F       		.uleb128 0x3f
 955 012d 19       		.uleb128 0x19
 956 012e 3C       		.uleb128 0x3c
 957 012f 19       		.uleb128 0x19
 958 0130 6E       		.uleb128 0x6e
 959 0131 0E       		.uleb128 0xe
 960 0132 03       		.uleb128 0x3
 961 0133 0E       		.uleb128 0xe
 962 0134 3A       		.uleb128 0x3a
 963 0135 0B       		.uleb128 0xb
 964 0136 3B       		.uleb128 0x3b
 965 0137 0B       		.uleb128 0xb
 966 0138 00       		.byte	0
 967 0139 00       		.byte	0
 968 013a 16       		.uleb128 0x16
 969 013b 2E       		.uleb128 0x2e
 970 013c 00       		.byte	0
 971 013d 3F       		.uleb128 0x3f
 972 013e 19       		.uleb128 0x19
 973 013f 3C       		.uleb128 0x3c
 974 0140 19       		.uleb128 0x19
 975 0141 6E       		.uleb128 0x6e
 976 0142 0E       		.uleb128 0xe
 977 0143 03       		.uleb128 0x3
 978 0144 0E       		.uleb128 0xe
 979 0145 00       		.byte	0
 980 0146 00       		.byte	0
 981 0147 00       		.byte	0
 982              		.section	.debug_loc,"",%progbits
 983              	.Ldebug_loc0:
 984              	.LLST0:
 985 0000 00000000 		.4byte	.LVL0
 986 0004 04000000 		.4byte	.LVL1
 987 0008 0200     		.2byte	0x2
 988 000a 30       		.byte	0x30
 989 000b 9F       		.byte	0x9f
 990 000c 04000000 		.4byte	.LVL1
 991 0010 0C000000 		.4byte	.LVL2
 992 0014 0100     		.2byte	0x1
 993 0016 53       		.byte	0x53
 994 0017 0E000000 		.4byte	.LVL3
 995 001b 14000000 		.4byte	.LFE315
 996 001f 0100     		.2byte	0x1
 997 0021 53       		.byte	0x53
 998 0022 00000000 		.4byte	0
 999 0026 00000000 		.4byte	0
 1000              	.LLST1:
 1001 002a 00000000 		.4byte	.LVL4
 1002 002e 04000000 		.4byte	.LVL5
 1003 0032 0200     		.2byte	0x2
 1004 0034 30       		.byte	0x30
 1005 0035 9F       		.byte	0x9f
 1006 0036 04000000 		.4byte	.LVL5
 1007 003a 0C000000 		.4byte	.LVL6
ARM GAS  C:\Users\kotli\AppData\Local\Temp\ccEJhrhi.s 			page 20


 1008 003e 0100     		.2byte	0x1
 1009 0040 53       		.byte	0x53
 1010 0041 0E000000 		.4byte	.LVL7
 1011 0045 14000000 		.4byte	.LFE316
 1012 0049 0100     		.2byte	0x1
 1013 004b 53       		.byte	0x53
 1014 004c 00000000 		.4byte	0
 1015 0050 00000000 		.4byte	0
 1016              	.LLST2:
 1017 0054 00000000 		.4byte	.LVL8
 1018 0058 07000000 		.4byte	.LVL9-1
 1019 005c 0100     		.2byte	0x1
 1020 005e 50       		.byte	0x50
 1021 005f 07000000 		.4byte	.LVL9-1
 1022 0063 0C000000 		.4byte	.LFE317
 1023 0067 0400     		.2byte	0x4
 1024 0069 F3       		.byte	0xf3
 1025 006a 01       		.uleb128 0x1
 1026 006b 50       		.byte	0x50
 1027 006c 9F       		.byte	0x9f
 1028 006d 00000000 		.4byte	0
 1029 0071 00000000 		.4byte	0
 1030              	.LLST3:
 1031 0075 00000000 		.4byte	.LVL8
 1032 0079 07000000 		.4byte	.LVL9-1
 1033 007d 0100     		.2byte	0x1
 1034 007f 51       		.byte	0x51
 1035 0080 07000000 		.4byte	.LVL9-1
 1036 0084 0C000000 		.4byte	.LFE317
 1037 0088 0100     		.2byte	0x1
 1038 008a 54       		.byte	0x54
 1039 008b 00000000 		.4byte	0
 1040 008f 00000000 		.4byte	0
 1041              	.LLST4:
 1042 0093 00000000 		.4byte	.LVL10
 1043 0097 1C000000 		.4byte	.LVL16
 1044 009b 0100     		.2byte	0x1
 1045 009d 50       		.byte	0x50
 1046 009e 1C000000 		.4byte	.LVL16
 1047 00a2 24000000 		.4byte	.LFE318
 1048 00a6 0100     		.2byte	0x1
 1049 00a8 54       		.byte	0x54
 1050 00a9 00000000 		.4byte	0
 1051 00ad 00000000 		.4byte	0
 1052              	.LLST5:
 1053 00b1 04000000 		.4byte	.LVL11
 1054 00b5 08000000 		.4byte	.LVL12
 1055 00b9 0200     		.2byte	0x2
 1056 00bb 30       		.byte	0x30
 1057 00bc 9F       		.byte	0x9f
 1058 00bd 08000000 		.4byte	.LVL12
 1059 00c1 10000000 		.4byte	.LVL13
 1060 00c5 0100     		.2byte	0x1
 1061 00c7 53       		.byte	0x53
 1062 00c8 12000000 		.4byte	.LVL14
 1063 00cc 1F000000 		.4byte	.LVL17-1
 1064 00d0 0100     		.2byte	0x1
ARM GAS  C:\Users\kotli\AppData\Local\Temp\ccEJhrhi.s 			page 21


 1065 00d2 53       		.byte	0x53
 1066 00d3 00000000 		.4byte	0
 1067 00d7 00000000 		.4byte	0
 1068              	.LLST6:
 1069 00db 16000000 		.4byte	.LVL15
 1070 00df 1C000000 		.4byte	.LVL16
 1071 00e3 0100     		.2byte	0x1
 1072 00e5 50       		.byte	0x50
 1073 00e6 1C000000 		.4byte	.LVL16
 1074 00ea 1F000000 		.4byte	.LVL17-1
 1075 00ee 0100     		.2byte	0x1
 1076 00f0 51       		.byte	0x51
 1077 00f1 1F000000 		.4byte	.LVL17-1
 1078 00f5 24000000 		.4byte	.LFE318
 1079 00f9 0100     		.2byte	0x1
 1080 00fb 54       		.byte	0x54
 1081 00fc 00000000 		.4byte	0
 1082 0100 00000000 		.4byte	0
 1083              	.LLST7:
 1084 0104 00000000 		.4byte	.LVL18
 1085 0108 18000000 		.4byte	.LVL24
 1086 010c 0100     		.2byte	0x1
 1087 010e 50       		.byte	0x50
 1088 010f 18000000 		.4byte	.LVL24
 1089 0113 1E000000 		.4byte	.LFE319
 1090 0117 0400     		.2byte	0x4
 1091 0119 F3       		.byte	0xf3
 1092 011a 01       		.uleb128 0x1
 1093 011b 50       		.byte	0x50
 1094 011c 9F       		.byte	0x9f
 1095 011d 00000000 		.4byte	0
 1096 0121 00000000 		.4byte	0
 1097              	.LLST8:
 1098 0125 02000000 		.4byte	.LVL19
 1099 0129 08000000 		.4byte	.LVL20
 1100 012d 0200     		.2byte	0x2
 1101 012f 30       		.byte	0x30
 1102 0130 9F       		.byte	0x9f
 1103 0131 08000000 		.4byte	.LVL20
 1104 0135 10000000 		.4byte	.LVL22
 1105 0139 0100     		.2byte	0x1
 1106 013b 53       		.byte	0x53
 1107 013c 12000000 		.4byte	.LVL23
 1108 0140 1E000000 		.4byte	.LFE319
 1109 0144 0100     		.2byte	0x1
 1110 0146 53       		.byte	0x53
 1111 0147 00000000 		.4byte	0
 1112 014b 00000000 		.4byte	0
 1113              	.LLST9:
 1114 014f 02000000 		.4byte	.LVL19
 1115 0153 08000000 		.4byte	.LVL20
 1116 0157 0200     		.2byte	0x2
 1117 0159 31       		.byte	0x31
 1118 015a 9F       		.byte	0x9f
 1119 015b 08000000 		.4byte	.LVL20
 1120 015f 1E000000 		.4byte	.LFE319
 1121 0163 0100     		.2byte	0x1
ARM GAS  C:\Users\kotli\AppData\Local\Temp\ccEJhrhi.s 			page 22


 1122 0165 52       		.byte	0x52
 1123 0166 00000000 		.4byte	0
 1124 016a 00000000 		.4byte	0
 1125              	.LLST10:
 1126 016e 0A000000 		.4byte	.LVL26
 1127 0172 11000000 		.4byte	.LVL27-1
 1128 0176 0100     		.2byte	0x1
 1129 0178 50       		.byte	0x50
 1130 0179 11000000 		.4byte	.LVL27-1
 1131 017d 24000000 		.4byte	.LFE320
 1132 0181 0100     		.2byte	0x1
 1133 0183 54       		.byte	0x54
 1134 0184 00000000 		.4byte	0
 1135 0188 00000000 		.4byte	0
 1136              		.section	.debug_aranges,"",%progbits
 1137 0000 44000000 		.4byte	0x44
 1138 0004 0200     		.2byte	0x2
 1139 0006 00000000 		.4byte	.Ldebug_info0
 1140 000a 04       		.byte	0x4
 1141 000b 00       		.byte	0
 1142 000c 0000     		.2byte	0
 1143 000e 0000     		.2byte	0
 1144 0010 00000000 		.4byte	.LFB315
 1145 0014 14000000 		.4byte	.LFE315-.LFB315
 1146 0018 00000000 		.4byte	.LFB316
 1147 001c 14000000 		.4byte	.LFE316-.LFB316
 1148 0020 00000000 		.4byte	.LFB317
 1149 0024 0C000000 		.4byte	.LFE317-.LFB317
 1150 0028 00000000 		.4byte	.LFB318
 1151 002c 24000000 		.4byte	.LFE318-.LFB318
 1152 0030 00000000 		.4byte	.LFB319
 1153 0034 1E000000 		.4byte	.LFE319-.LFB319
 1154 0038 00000000 		.4byte	.LFB320
 1155 003c 24000000 		.4byte	.LFE320-.LFB320
 1156 0040 00000000 		.4byte	0
 1157 0044 00000000 		.4byte	0
 1158              		.section	.debug_ranges,"",%progbits
 1159              	.Ldebug_ranges0:
 1160 0000 00000000 		.4byte	.LFB315
 1161 0004 14000000 		.4byte	.LFE315
 1162 0008 00000000 		.4byte	.LFB316
 1163 000c 14000000 		.4byte	.LFE316
 1164 0010 00000000 		.4byte	.LFB317
 1165 0014 0C000000 		.4byte	.LFE317
 1166 0018 00000000 		.4byte	.LFB318
 1167 001c 24000000 		.4byte	.LFE318
 1168 0020 00000000 		.4byte	.LFB319
 1169 0024 1E000000 		.4byte	.LFE319
 1170 0028 00000000 		.4byte	.LFB320
 1171 002c 24000000 		.4byte	.LFE320
 1172 0030 00000000 		.4byte	0
 1173 0034 00000000 		.4byte	0
 1174              		.section	.debug_line,"",%progbits
 1175              	.Ldebug_line0:
 1176 0000 2B030000 		.section	.debug_str,"MS",%progbits,1
 1176      02007702 
 1176      00000201 
ARM GAS  C:\Users\kotli\AppData\Local\Temp\ccEJhrhi.s 			page 23


 1176      FB0E0D00 
 1176      01010101 
 1177              	.LASF30:
 1178 0000 63686563 		.ascii	"checksum\000"
 1178      6B73756D 
 1178      00
 1179              	.LASF4:
 1180 0009 5F5F7569 		.ascii	"__uint8_t\000"
 1180      6E74385F 
 1180      7400
 1181              	.LASF29:
 1182 0013 6765745F 		.ascii	"get_checksum\000"
 1182      63686563 
 1182      6B73756D 
 1182      00
 1183              	.LASF5:
 1184 0020 5F5F696E 		.ascii	"__int32_t\000"
 1184      7433325F 
 1184      7400
 1185              	.LASF3:
 1186 002a 73686F72 		.ascii	"short unsigned int\000"
 1186      7420756E 
 1186      7369676E 
 1186      65642069 
 1186      6E7400
 1187              	.LASF24:
 1188 003d 64617461 		.ascii	"data\000"
 1188      00
 1189              	.LASF27:
 1190 0042 77726974 		.ascii	"write_flash_data\000"
 1190      655F666C 
 1190      6173685F 
 1190      64617461 
 1190      00
 1191              	.LASF23:
 1192 0053 6D616B65 		.ascii	"make_data_for_flash\000"
 1192      5F646174 
 1192      615F666F 
 1192      725F666C 
 1192      61736800 
 1193              	.LASF18:
 1194 0067 666C6F61 		.ascii	"float\000"
 1194      7400
 1195              	.LASF25:
 1196 006d 77726974 		.ascii	"write_flash_data_u\000"
 1196      655F666C 
 1196      6173685F 
 1196      64617461 
 1196      5F7500
 1197              	.LASF36:
 1198 0080 433A5C55 		.ascii	"C:\\Users\\kotli\\Documents\\PSoC Creator\\Kit_flas"
 1198      73657273 
 1198      5C6B6F74 
 1198      6C695C44 
 1198      6F63756D 
 1199 00ae 685C4B69 		.ascii	"h\\Kit_flash.cydsn\000"
 1199      745F666C 
ARM GAS  C:\Users\kotli\AppData\Local\Temp\ccEJhrhi.s 			page 24


 1199      6173682E 
 1199      63796473 
 1199      6E00
 1200              	.LASF2:
 1201 00c0 756E7369 		.ascii	"unsigned char\000"
 1201      676E6564 
 1201      20636861 
 1201      7200
 1202              	.LASF8:
 1203 00ce 6C6F6E67 		.ascii	"long unsigned int\000"
 1203      20756E73 
 1203      69676E65 
 1203      6420696E 
 1203      7400
 1204              	.LASF20:
 1205 00e0 75696E74 		.ascii	"uint8\000"
 1205      3800
 1206              	.LASF38:
 1207 00e6 49544D5F 		.ascii	"ITM_RxBuffer\000"
 1207      52784275 
 1207      66666572 
 1207      00
 1208              	.LASF39:
 1209 00f3 6D656D73 		.ascii	"memset\000"
 1209      657400
 1210              	.LASF31:
 1211 00fa 43795F46 		.ascii	"Cy_Flash_WriteRow\000"
 1211      6C617368 
 1211      5F577269 
 1211      7465526F 
 1211      7700
 1212              	.LASF19:
 1213 010c 646F7562 		.ascii	"double\000"
 1213      6C6500
 1214              	.LASF37:
 1215 0113 6572617A 		.ascii	"eraze_flash_data\000"
 1215      655F666C 
 1215      6173685F 
 1215      64617461 
 1215      00
 1216              	.LASF28:
 1217 0124 44617461 		.ascii	"Data\000"
 1217      00
 1218              	.LASF7:
 1219 0129 5F5F7569 		.ascii	"__uint32_t\000"
 1219      6E743332 
 1219      5F7400
 1220              	.LASF11:
 1221 0134 756E7369 		.ascii	"unsigned int\000"
 1221      676E6564 
 1221      20696E74 
 1221      00
 1222              	.LASF22:
 1223 0141 66726565 		.ascii	"free_data\000"
 1223      5F646174 
 1223      6100
 1224              	.LASF10:
ARM GAS  C:\Users\kotli\AppData\Local\Temp\ccEJhrhi.s 			page 25


 1225 014b 6C6F6E67 		.ascii	"long long unsigned int\000"
 1225      206C6F6E 
 1225      6720756E 
 1225      7369676E 
 1225      65642069 
 1226              	.LASF12:
 1227 0162 75696E74 		.ascii	"uint8_t\000"
 1227      385F7400 
 1228              	.LASF34:
 1229 016a 474E5520 		.ascii	"GNU C11 5.4.1 20160609 (release) [ARM/embedded-5-br"
 1229      43313120 
 1229      352E342E 
 1229      31203230 
 1229      31363036 
 1230 019d 616E6368 		.ascii	"anch revision 237715] -mcpu=cortex-m4 -mfloat-abi=s"
 1230      20726576 
 1230      6973696F 
 1230      6E203233 
 1230      37373135 
 1231 01d0 6F667466 		.ascii	"oftfp -mfpu=fpv4-sp-d16 -mthumb -g -Og -ffunction-s"
 1231      70202D6D 
 1231      6670753D 
 1231      66707634 
 1231      2D73702D 
 1232 0203 65637469 		.ascii	"ections -ffat-lto-objects\000"
 1232      6F6E7320 
 1232      2D666661 
 1232      742D6C74 
 1232      6F2D6F62 
 1233              	.LASF13:
 1234 021d 696E7433 		.ascii	"int32_t\000"
 1234      325F7400 
 1235              	.LASF15:
 1236 0225 73697A65 		.ascii	"sizetype\000"
 1236      74797065 
 1236      00
 1237              	.LASF35:
 1238 022e 2E2E5C2E 		.ascii	"..\\..\\FLASH_test\\FLASH_test.cydsn\\flash_config_"
 1238      2E5C464C 
 1238      4153485F 
 1238      74657374 
 1238      5C464C41 
 1239 025d 752E6300 		.ascii	"u.c\000"
 1240              	.LASF33:
 1241 0261 66726565 		.ascii	"free\000"
 1241      00
 1242              	.LASF9:
 1243 0266 6C6F6E67 		.ascii	"long long int\000"
 1243      206C6F6E 
 1243      6720696E 
 1243      7400
 1244              	.LASF17:
 1245 0274 63686172 		.ascii	"char\000"
 1245      00
 1246              	.LASF0:
 1247 0279 73686F72 		.ascii	"short int\000"
 1247      7420696E 
ARM GAS  C:\Users\kotli\AppData\Local\Temp\ccEJhrhi.s 			page 26


 1247      7400
 1248              	.LASF26:
 1249 0283 64617461 		.ascii	"dataF\000"
 1249      4600
 1250              	.LASF14:
 1251 0289 75696E74 		.ascii	"uint32_t\000"
 1251      33325F74 
 1251      00
 1252              	.LASF6:
 1253 0292 6C6F6E67 		.ascii	"long int\000"
 1253      20696E74 
 1253      00
 1254              	.LASF16:
 1255 029b 6C6F6E67 		.ascii	"long double\000"
 1255      20646F75 
 1255      626C6500 
 1256              	.LASF1:
 1257 02a7 7369676E 		.ascii	"signed char\000"
 1257      65642063 
 1257      68617200 
 1258              	.LASF21:
 1259 02b3 5F426F6F 		.ascii	"_Bool\000"
 1259      6C00
 1260              	.LASF32:
 1261 02b9 6D616C6C 		.ascii	"malloc\000"
 1261      6F6300
 1262              		.ident	"GCC: (GNU Tools for ARM Embedded Processors) 5.4.1 20160609 (release) [ARM/embedded-5-bran
