ARM GAS  C:\Users\tester\AppData\Local\Temp\ccsTC7mf.s 			page 1


   1              		.syntax unified
   2              		.cpu cortex-m4
   3              		.eabi_attribute 27, 1
   4              		.fpu fpv4-sp-d16
   5              		.eabi_attribute 20, 1
   6              		.eabi_attribute 21, 1
   7              		.eabi_attribute 23, 3
   8              		.eabi_attribute 24, 1
   9              		.eabi_attribute 25, 1
  10              		.eabi_attribute 26, 1
  11              		.eabi_attribute 30, 1
  12              		.eabi_attribute 34, 1
  13              		.eabi_attribute 18, 4
  14              		.thumb
  15              		.syntax unified
  16              		.file	"main_cm4.c"
  17              		.text
  18              	.Ltext0:
  19              		.cfi_sections	.debug_frame
  20              		.section	.text.main,"ax",%progbits
  21              		.align	2
  22              		.global	main
  23              		.thumb
  24              		.thumb_func
  25              		.type	main, %function
  26              	main:
  27              	.LFB328:
  28              		.file 1 "main_cm4.c"
   1:main_cm4.c    **** /* ========================================
   2:main_cm4.c    ****  *
   3:main_cm4.c    ****  * Copyright YOUR COMPANY, THE YEAR
   4:main_cm4.c    ****  * All Rights Reserved
   5:main_cm4.c    ****  * UNPUBLISHED, LICENSED SOFTWARE.
   6:main_cm4.c    ****  *
   7:main_cm4.c    ****  * CONFIDENTIAL AND PROPRIETARY INFORMATION
   8:main_cm4.c    ****  * WHICH IS THE PROPERTY OF your company.
   9:main_cm4.c    ****  *
  10:main_cm4.c    ****  * ========================================
  11:main_cm4.c    **** */
  12:main_cm4.c    **** #include "project.h"
  13:main_cm4.c    **** #include <stdlib.h>
  14:main_cm4.c    **** #include <string.h>
  15:main_cm4.c    **** #include "flash_config_u.h"
  16:main_cm4.c    **** #include "Config_u.h"
  17:main_cm4.c    **** 
  18:main_cm4.c    **** 
  19:main_cm4.c    **** int main(void)
  20:main_cm4.c    **** {
  29              		.loc 1 20 0
  30              		.cfi_startproc
  31              		@ args = 0, pretend = 0, frame = 0
  32              		@ frame_needed = 0, uses_anonymous_args = 0
  33              		@ link register save eliminated.
  34              	.LVL0:
  35              	.LBB4:
  36              	.LBB5:
  37              		.file 2 "Generated_Source\\PSoC6\\pdl\\cmsis/include/cmsis_gcc.h"
ARM GAS  C:\Users\tester\AppData\Local\Temp\ccsTC7mf.s 			page 2


   1:Generated_Source\PSoC6\pdl\cmsis/include/cmsis_gcc.h **** /**************************************************************************//**
   2:Generated_Source\PSoC6\pdl\cmsis/include/cmsis_gcc.h ****  * @file     cmsis_gcc.h
   3:Generated_Source\PSoC6\pdl\cmsis/include/cmsis_gcc.h ****  * @brief    CMSIS compiler GCC header file
   4:Generated_Source\PSoC6\pdl\cmsis/include/cmsis_gcc.h ****  * @version  V5.0.3
   5:Generated_Source\PSoC6\pdl\cmsis/include/cmsis_gcc.h ****  * @date     16. January 2018
   6:Generated_Source\PSoC6\pdl\cmsis/include/cmsis_gcc.h ****  ******************************************************************************/
   7:Generated_Source\PSoC6\pdl\cmsis/include/cmsis_gcc.h **** /*
   8:Generated_Source\PSoC6\pdl\cmsis/include/cmsis_gcc.h ****  * Copyright (c) 2009-2017 ARM Limited. All rights reserved.
   9:Generated_Source\PSoC6\pdl\cmsis/include/cmsis_gcc.h ****  *
  10:Generated_Source\PSoC6\pdl\cmsis/include/cmsis_gcc.h ****  * SPDX-License-Identifier: Apache-2.0
  11:Generated_Source\PSoC6\pdl\cmsis/include/cmsis_gcc.h ****  *
  12:Generated_Source\PSoC6\pdl\cmsis/include/cmsis_gcc.h ****  * Licensed under the Apache License, Version 2.0 (the License); you may
  13:Generated_Source\PSoC6\pdl\cmsis/include/cmsis_gcc.h ****  * not use this file except in compliance with the License.
  14:Generated_Source\PSoC6\pdl\cmsis/include/cmsis_gcc.h ****  * You may obtain a copy of the License at
  15:Generated_Source\PSoC6\pdl\cmsis/include/cmsis_gcc.h ****  *
  16:Generated_Source\PSoC6\pdl\cmsis/include/cmsis_gcc.h ****  * www.apache.org/licenses/LICENSE-2.0
  17:Generated_Source\PSoC6\pdl\cmsis/include/cmsis_gcc.h ****  *
  18:Generated_Source\PSoC6\pdl\cmsis/include/cmsis_gcc.h ****  * Unless required by applicable law or agreed to in writing, software
  19:Generated_Source\PSoC6\pdl\cmsis/include/cmsis_gcc.h ****  * distributed under the License is distributed on an AS IS BASIS, WITHOUT
  20:Generated_Source\PSoC6\pdl\cmsis/include/cmsis_gcc.h ****  * WARRANTIES OR CONDITIONS OF ANY KIND, either express or implied.
  21:Generated_Source\PSoC6\pdl\cmsis/include/cmsis_gcc.h ****  * See the License for the specific language governing permissions and
  22:Generated_Source\PSoC6\pdl\cmsis/include/cmsis_gcc.h ****  * limitations under the License.
  23:Generated_Source\PSoC6\pdl\cmsis/include/cmsis_gcc.h ****  */
  24:Generated_Source\PSoC6\pdl\cmsis/include/cmsis_gcc.h **** 
  25:Generated_Source\PSoC6\pdl\cmsis/include/cmsis_gcc.h **** #ifndef __CMSIS_GCC_H
  26:Generated_Source\PSoC6\pdl\cmsis/include/cmsis_gcc.h **** #define __CMSIS_GCC_H
  27:Generated_Source\PSoC6\pdl\cmsis/include/cmsis_gcc.h **** 
  28:Generated_Source\PSoC6\pdl\cmsis/include/cmsis_gcc.h **** /* ignore some GCC warnings */
  29:Generated_Source\PSoC6\pdl\cmsis/include/cmsis_gcc.h **** #pragma GCC diagnostic push
  30:Generated_Source\PSoC6\pdl\cmsis/include/cmsis_gcc.h **** #pragma GCC diagnostic ignored "-Wsign-conversion"
  31:Generated_Source\PSoC6\pdl\cmsis/include/cmsis_gcc.h **** #pragma GCC diagnostic ignored "-Wconversion"
  32:Generated_Source\PSoC6\pdl\cmsis/include/cmsis_gcc.h **** #pragma GCC diagnostic ignored "-Wunused-parameter"
  33:Generated_Source\PSoC6\pdl\cmsis/include/cmsis_gcc.h **** 
  34:Generated_Source\PSoC6\pdl\cmsis/include/cmsis_gcc.h **** /* Fallback for __has_builtin */
  35:Generated_Source\PSoC6\pdl\cmsis/include/cmsis_gcc.h **** #ifndef __has_builtin
  36:Generated_Source\PSoC6\pdl\cmsis/include/cmsis_gcc.h ****   #define __has_builtin(x) (0)
  37:Generated_Source\PSoC6\pdl\cmsis/include/cmsis_gcc.h **** #endif
  38:Generated_Source\PSoC6\pdl\cmsis/include/cmsis_gcc.h **** 
  39:Generated_Source\PSoC6\pdl\cmsis/include/cmsis_gcc.h **** /* CMSIS compiler specific defines */
  40:Generated_Source\PSoC6\pdl\cmsis/include/cmsis_gcc.h **** #ifndef   __ASM
  41:Generated_Source\PSoC6\pdl\cmsis/include/cmsis_gcc.h ****   #define __ASM                                  __asm
  42:Generated_Source\PSoC6\pdl\cmsis/include/cmsis_gcc.h **** #endif
  43:Generated_Source\PSoC6\pdl\cmsis/include/cmsis_gcc.h **** #ifndef   __INLINE
  44:Generated_Source\PSoC6\pdl\cmsis/include/cmsis_gcc.h ****   #define __INLINE                               inline
  45:Generated_Source\PSoC6\pdl\cmsis/include/cmsis_gcc.h **** #endif
  46:Generated_Source\PSoC6\pdl\cmsis/include/cmsis_gcc.h **** #ifndef   __STATIC_INLINE
  47:Generated_Source\PSoC6\pdl\cmsis/include/cmsis_gcc.h ****   #define __STATIC_INLINE                        static inline
  48:Generated_Source\PSoC6\pdl\cmsis/include/cmsis_gcc.h **** #endif
  49:Generated_Source\PSoC6\pdl\cmsis/include/cmsis_gcc.h **** #ifndef   __STATIC_FORCEINLINE                 
  50:Generated_Source\PSoC6\pdl\cmsis/include/cmsis_gcc.h ****   #define __STATIC_FORCEINLINE                   __attribute__((always_inline)) static inline
  51:Generated_Source\PSoC6\pdl\cmsis/include/cmsis_gcc.h **** #endif                                           
  52:Generated_Source\PSoC6\pdl\cmsis/include/cmsis_gcc.h **** #ifndef   __NO_RETURN
  53:Generated_Source\PSoC6\pdl\cmsis/include/cmsis_gcc.h ****   #define __NO_RETURN                            __attribute__((__noreturn__))
  54:Generated_Source\PSoC6\pdl\cmsis/include/cmsis_gcc.h **** #endif
  55:Generated_Source\PSoC6\pdl\cmsis/include/cmsis_gcc.h **** #ifndef   __USED
  56:Generated_Source\PSoC6\pdl\cmsis/include/cmsis_gcc.h ****   #define __USED                                 __attribute__((used))
  57:Generated_Source\PSoC6\pdl\cmsis/include/cmsis_gcc.h **** #endif
ARM GAS  C:\Users\tester\AppData\Local\Temp\ccsTC7mf.s 			page 3


  58:Generated_Source\PSoC6\pdl\cmsis/include/cmsis_gcc.h **** #ifndef   __WEAK
  59:Generated_Source\PSoC6\pdl\cmsis/include/cmsis_gcc.h ****   #define __WEAK                                 __attribute__((weak))
  60:Generated_Source\PSoC6\pdl\cmsis/include/cmsis_gcc.h **** #endif
  61:Generated_Source\PSoC6\pdl\cmsis/include/cmsis_gcc.h **** #ifndef   __PACKED
  62:Generated_Source\PSoC6\pdl\cmsis/include/cmsis_gcc.h ****   #define __PACKED                               __attribute__((packed, aligned(1)))
  63:Generated_Source\PSoC6\pdl\cmsis/include/cmsis_gcc.h **** #endif
  64:Generated_Source\PSoC6\pdl\cmsis/include/cmsis_gcc.h **** #ifndef   __PACKED_STRUCT
  65:Generated_Source\PSoC6\pdl\cmsis/include/cmsis_gcc.h ****   #define __PACKED_STRUCT                        struct __attribute__((packed, aligned(1)))
  66:Generated_Source\PSoC6\pdl\cmsis/include/cmsis_gcc.h **** #endif
  67:Generated_Source\PSoC6\pdl\cmsis/include/cmsis_gcc.h **** #ifndef   __PACKED_UNION
  68:Generated_Source\PSoC6\pdl\cmsis/include/cmsis_gcc.h ****   #define __PACKED_UNION                         union __attribute__((packed, aligned(1)))
  69:Generated_Source\PSoC6\pdl\cmsis/include/cmsis_gcc.h **** #endif
  70:Generated_Source\PSoC6\pdl\cmsis/include/cmsis_gcc.h **** #ifndef   __UNALIGNED_UINT32        /* deprecated */
  71:Generated_Source\PSoC6\pdl\cmsis/include/cmsis_gcc.h ****   #pragma GCC diagnostic push
  72:Generated_Source\PSoC6\pdl\cmsis/include/cmsis_gcc.h ****   #pragma GCC diagnostic ignored "-Wpacked"
  73:Generated_Source\PSoC6\pdl\cmsis/include/cmsis_gcc.h ****   #pragma GCC diagnostic ignored "-Wattributes"
  74:Generated_Source\PSoC6\pdl\cmsis/include/cmsis_gcc.h ****   struct __attribute__((packed)) T_UINT32 { uint32_t v; };
  75:Generated_Source\PSoC6\pdl\cmsis/include/cmsis_gcc.h ****   #pragma GCC diagnostic pop
  76:Generated_Source\PSoC6\pdl\cmsis/include/cmsis_gcc.h ****   #define __UNALIGNED_UINT32(x)                  (((struct T_UINT32 *)(x))->v)
  77:Generated_Source\PSoC6\pdl\cmsis/include/cmsis_gcc.h **** #endif
  78:Generated_Source\PSoC6\pdl\cmsis/include/cmsis_gcc.h **** #ifndef   __UNALIGNED_UINT16_WRITE
  79:Generated_Source\PSoC6\pdl\cmsis/include/cmsis_gcc.h ****   #pragma GCC diagnostic push
  80:Generated_Source\PSoC6\pdl\cmsis/include/cmsis_gcc.h ****   #pragma GCC diagnostic ignored "-Wpacked"
  81:Generated_Source\PSoC6\pdl\cmsis/include/cmsis_gcc.h ****   #pragma GCC diagnostic ignored "-Wattributes"
  82:Generated_Source\PSoC6\pdl\cmsis/include/cmsis_gcc.h ****   __PACKED_STRUCT T_UINT16_WRITE { uint16_t v; };
  83:Generated_Source\PSoC6\pdl\cmsis/include/cmsis_gcc.h ****   #pragma GCC diagnostic pop
  84:Generated_Source\PSoC6\pdl\cmsis/include/cmsis_gcc.h ****   #define __UNALIGNED_UINT16_WRITE(addr, val)    (void)((((struct T_UINT16_WRITE *)(void *)(addr))-
  85:Generated_Source\PSoC6\pdl\cmsis/include/cmsis_gcc.h **** #endif
  86:Generated_Source\PSoC6\pdl\cmsis/include/cmsis_gcc.h **** #ifndef   __UNALIGNED_UINT16_READ
  87:Generated_Source\PSoC6\pdl\cmsis/include/cmsis_gcc.h ****   #pragma GCC diagnostic push
  88:Generated_Source\PSoC6\pdl\cmsis/include/cmsis_gcc.h ****   #pragma GCC diagnostic ignored "-Wpacked"
  89:Generated_Source\PSoC6\pdl\cmsis/include/cmsis_gcc.h ****   #pragma GCC diagnostic ignored "-Wattributes"
  90:Generated_Source\PSoC6\pdl\cmsis/include/cmsis_gcc.h ****   __PACKED_STRUCT T_UINT16_READ { uint16_t v; };
  91:Generated_Source\PSoC6\pdl\cmsis/include/cmsis_gcc.h ****   #pragma GCC diagnostic pop
  92:Generated_Source\PSoC6\pdl\cmsis/include/cmsis_gcc.h ****   #define __UNALIGNED_UINT16_READ(addr)          (((const struct T_UINT16_READ *)(const void *)(add
  93:Generated_Source\PSoC6\pdl\cmsis/include/cmsis_gcc.h **** #endif
  94:Generated_Source\PSoC6\pdl\cmsis/include/cmsis_gcc.h **** #ifndef   __UNALIGNED_UINT32_WRITE
  95:Generated_Source\PSoC6\pdl\cmsis/include/cmsis_gcc.h ****   #pragma GCC diagnostic push
  96:Generated_Source\PSoC6\pdl\cmsis/include/cmsis_gcc.h ****   #pragma GCC diagnostic ignored "-Wpacked"
  97:Generated_Source\PSoC6\pdl\cmsis/include/cmsis_gcc.h ****   #pragma GCC diagnostic ignored "-Wattributes"
  98:Generated_Source\PSoC6\pdl\cmsis/include/cmsis_gcc.h ****   __PACKED_STRUCT T_UINT32_WRITE { uint32_t v; };
  99:Generated_Source\PSoC6\pdl\cmsis/include/cmsis_gcc.h ****   #pragma GCC diagnostic pop
 100:Generated_Source\PSoC6\pdl\cmsis/include/cmsis_gcc.h ****   #define __UNALIGNED_UINT32_WRITE(addr, val)    (void)((((struct T_UINT32_WRITE *)(void *)(addr))-
 101:Generated_Source\PSoC6\pdl\cmsis/include/cmsis_gcc.h **** #endif
 102:Generated_Source\PSoC6\pdl\cmsis/include/cmsis_gcc.h **** #ifndef   __UNALIGNED_UINT32_READ
 103:Generated_Source\PSoC6\pdl\cmsis/include/cmsis_gcc.h ****   #pragma GCC diagnostic push
 104:Generated_Source\PSoC6\pdl\cmsis/include/cmsis_gcc.h ****   #pragma GCC diagnostic ignored "-Wpacked"
 105:Generated_Source\PSoC6\pdl\cmsis/include/cmsis_gcc.h ****   #pragma GCC diagnostic ignored "-Wattributes"
 106:Generated_Source\PSoC6\pdl\cmsis/include/cmsis_gcc.h ****   __PACKED_STRUCT T_UINT32_READ { uint32_t v; };
 107:Generated_Source\PSoC6\pdl\cmsis/include/cmsis_gcc.h ****   #pragma GCC diagnostic pop
 108:Generated_Source\PSoC6\pdl\cmsis/include/cmsis_gcc.h ****   #define __UNALIGNED_UINT32_READ(addr)          (((const struct T_UINT32_READ *)(const void *)(add
 109:Generated_Source\PSoC6\pdl\cmsis/include/cmsis_gcc.h **** #endif
 110:Generated_Source\PSoC6\pdl\cmsis/include/cmsis_gcc.h **** #ifndef   __ALIGNED
 111:Generated_Source\PSoC6\pdl\cmsis/include/cmsis_gcc.h ****   #define __ALIGNED(x)                           __attribute__((aligned(x)))
 112:Generated_Source\PSoC6\pdl\cmsis/include/cmsis_gcc.h **** #endif
 113:Generated_Source\PSoC6\pdl\cmsis/include/cmsis_gcc.h **** #ifndef   __RESTRICT
 114:Generated_Source\PSoC6\pdl\cmsis/include/cmsis_gcc.h ****   #define __RESTRICT                             __restrict
ARM GAS  C:\Users\tester\AppData\Local\Temp\ccsTC7mf.s 			page 4


 115:Generated_Source\PSoC6\pdl\cmsis/include/cmsis_gcc.h **** #endif
 116:Generated_Source\PSoC6\pdl\cmsis/include/cmsis_gcc.h **** 
 117:Generated_Source\PSoC6\pdl\cmsis/include/cmsis_gcc.h **** 
 118:Generated_Source\PSoC6\pdl\cmsis/include/cmsis_gcc.h **** /* ###########################  Core Function Access  ########################### */
 119:Generated_Source\PSoC6\pdl\cmsis/include/cmsis_gcc.h **** /** \ingroup  CMSIS_Core_FunctionInterface
 120:Generated_Source\PSoC6\pdl\cmsis/include/cmsis_gcc.h ****     \defgroup CMSIS_Core_RegAccFunctions CMSIS Core Register Access Functions
 121:Generated_Source\PSoC6\pdl\cmsis/include/cmsis_gcc.h ****   @{
 122:Generated_Source\PSoC6\pdl\cmsis/include/cmsis_gcc.h ****  */
 123:Generated_Source\PSoC6\pdl\cmsis/include/cmsis_gcc.h **** 
 124:Generated_Source\PSoC6\pdl\cmsis/include/cmsis_gcc.h **** /**
 125:Generated_Source\PSoC6\pdl\cmsis/include/cmsis_gcc.h ****   \brief   Enable IRQ Interrupts
 126:Generated_Source\PSoC6\pdl\cmsis/include/cmsis_gcc.h ****   \details Enables IRQ interrupts by clearing the I-bit in the CPSR.
 127:Generated_Source\PSoC6\pdl\cmsis/include/cmsis_gcc.h ****            Can only be executed in Privileged modes.
 128:Generated_Source\PSoC6\pdl\cmsis/include/cmsis_gcc.h ****  */
 129:Generated_Source\PSoC6\pdl\cmsis/include/cmsis_gcc.h **** __STATIC_FORCEINLINE void __enable_irq(void)
 130:Generated_Source\PSoC6\pdl\cmsis/include/cmsis_gcc.h **** {
 131:Generated_Source\PSoC6\pdl\cmsis/include/cmsis_gcc.h ****   __ASM volatile ("cpsie i" : : : "memory");
  38              		.loc 2 131 0
  39              		.syntax unified
  40              	@ 131 "Generated_Source\PSoC6\pdl\cmsis/include/cmsis_gcc.h" 1
  41 0000 62B6     		cpsie i
  42              	@ 0 "" 2
  43              		.thumb
  44              		.syntax unified
  45              	.L2:
  46 0002 FEE7     		b	.L2
  47              	.LBE5:
  48              	.LBE4:
  49              		.cfi_endproc
  50              	.LFE328:
  51              		.size	main, .-main
  52              		.text
  53              	.Letext0:
  54              		.file 3 "c:\\program files (x86)\\cypress\\psoc creator\\4.3\\psoc creator\\import\\gnu\\arm\\5.4.
  55              		.file 4 "c:\\program files (x86)\\cypress\\psoc creator\\4.3\\psoc creator\\import\\gnu\\arm\\5.4.
  56              		.file 5 "Generated_Source\\PSoC6\\pdl\\drivers/peripheral/device/cy_device.h"
  57              		.file 6 "Generated_Source\\PSoC6\\pdl\\drivers/peripheral/syslib/cy_syslib.h"
  58              		.file 7 "Generated_Source\\PSoC6\\pdl\\cmsis/include/core_cm4.h"
  59              		.section	.debug_info,"",%progbits
  60              	.Ldebug_info0:
  61 0000 11060000 		.4byte	0x611
  62 0004 0400     		.2byte	0x4
  63 0006 00000000 		.4byte	.Ldebug_abbrev0
  64 000a 04       		.byte	0x4
  65 000b 01       		.uleb128 0x1
  66 000c 71040000 		.4byte	.LASF119
  67 0010 0C       		.byte	0xc
  68 0011 7E070000 		.4byte	.LASF120
  69 0015 9A070000 		.4byte	.LASF121
  70 0019 00000000 		.4byte	.Ldebug_ranges0+0
  71 001d 00000000 		.4byte	0
  72 0021 00000000 		.4byte	.Ldebug_line0
  73 0025 02       		.uleb128 0x2
  74 0026 02       		.byte	0x2
  75 0027 05       		.byte	0x5
  76 0028 B2050000 		.4byte	.LASF0
  77 002c 02       		.uleb128 0x2
ARM GAS  C:\Users\tester\AppData\Local\Temp\ccsTC7mf.s 			page 5


  78 002d 01       		.byte	0x1
  79 002e 06       		.byte	0x6
  80 002f 53010000 		.4byte	.LASF1
  81 0033 03       		.uleb128 0x3
  82 0034 7E000000 		.4byte	.LASF3
  83 0038 03       		.byte	0x3
  84 0039 1D       		.byte	0x1d
  85 003a 3E000000 		.4byte	0x3e
  86 003e 02       		.uleb128 0x2
  87 003f 01       		.byte	0x1
  88 0040 08       		.byte	0x8
  89 0041 90050000 		.4byte	.LASF2
  90 0045 03       		.uleb128 0x3
  91 0046 75020000 		.4byte	.LASF4
  92 004a 03       		.byte	0x3
  93 004b 29       		.byte	0x29
  94 004c 25000000 		.4byte	0x25
  95 0050 03       		.uleb128 0x3
  96 0051 22060000 		.4byte	.LASF5
  97 0055 03       		.byte	0x3
  98 0056 2B       		.byte	0x2b
  99 0057 5B000000 		.4byte	0x5b
 100 005b 02       		.uleb128 0x2
 101 005c 02       		.byte	0x2
 102 005d 07       		.byte	0x7
 103 005e 6B060000 		.4byte	.LASF6
 104 0062 03       		.uleb128 0x3
 105 0063 40060000 		.4byte	.LASF7
 106 0067 03       		.byte	0x3
 107 0068 3F       		.byte	0x3f
 108 0069 6D000000 		.4byte	0x6d
 109 006d 02       		.uleb128 0x2
 110 006e 04       		.byte	0x4
 111 006f 05       		.byte	0x5
 112 0070 A7010000 		.4byte	.LASF8
 113 0074 03       		.uleb128 0x3
 114 0075 50020000 		.4byte	.LASF9
 115 0079 03       		.byte	0x3
 116 007a 41       		.byte	0x41
 117 007b 7F000000 		.4byte	0x7f
 118 007f 02       		.uleb128 0x2
 119 0080 04       		.byte	0x4
 120 0081 07       		.byte	0x7
 121 0082 DC020000 		.4byte	.LASF10
 122 0086 02       		.uleb128 0x2
 123 0087 08       		.byte	0x8
 124 0088 05       		.byte	0x5
 125 0089 45010000 		.4byte	.LASF11
 126 008d 02       		.uleb128 0x2
 127 008e 08       		.byte	0x8
 128 008f 07       		.byte	0x7
 129 0090 CD000000 		.4byte	.LASF12
 130 0094 04       		.uleb128 0x4
 131 0095 04       		.byte	0x4
 132 0096 05       		.byte	0x5
 133 0097 696E7400 		.ascii	"int\000"
 134 009b 02       		.uleb128 0x2
ARM GAS  C:\Users\tester\AppData\Local\Temp\ccsTC7mf.s 			page 6


 135 009c 04       		.byte	0x4
 136 009d 07       		.byte	0x7
 137 009e B4020000 		.4byte	.LASF13
 138 00a2 03       		.uleb128 0x3
 139 00a3 E8060000 		.4byte	.LASF14
 140 00a7 04       		.byte	0x4
 141 00a8 18       		.byte	0x18
 142 00a9 33000000 		.4byte	0x33
 143 00ad 03       		.uleb128 0x3
 144 00ae 3D010000 		.4byte	.LASF15
 145 00b2 04       		.byte	0x4
 146 00b3 20       		.byte	0x20
 147 00b4 45000000 		.4byte	0x45
 148 00b8 03       		.uleb128 0x3
 149 00b9 C1020000 		.4byte	.LASF16
 150 00bd 04       		.byte	0x4
 151 00be 24       		.byte	0x24
 152 00bf 50000000 		.4byte	0x50
 153 00c3 03       		.uleb128 0x3
 154 00c4 88050000 		.4byte	.LASF17
 155 00c8 04       		.byte	0x4
 156 00c9 2C       		.byte	0x2c
 157 00ca 62000000 		.4byte	0x62
 158 00ce 03       		.uleb128 0x3
 159 00cf EE050000 		.4byte	.LASF18
 160 00d3 04       		.byte	0x4
 161 00d4 30       		.byte	0x30
 162 00d5 74000000 		.4byte	0x74
 163 00d9 02       		.uleb128 0x2
 164 00da 04       		.byte	0x4
 165 00db 07       		.byte	0x7
 166 00dc D8030000 		.4byte	.LASF19
 167 00e0 02       		.uleb128 0x2
 168 00e1 08       		.byte	0x8
 169 00e2 04       		.byte	0x4
 170 00e3 F7050000 		.4byte	.LASF20
 171 00e7 05       		.uleb128 0x5
 172 00e8 B8       		.byte	0xb8
 173 00e9 05       		.byte	0x5
 174 00ea 34       		.byte	0x34
 175 00eb F8040000 		.4byte	0x4f8
 176 00ef 06       		.uleb128 0x6
 177 00f0 B4000000 		.4byte	.LASF21
 178 00f4 05       		.byte	0x5
 179 00f5 37       		.byte	0x37
 180 00f6 CE000000 		.4byte	0xce
 181 00fa 00       		.byte	0
 182 00fb 06       		.uleb128 0x6
 183 00fc 45020000 		.4byte	.LASF22
 184 0100 05       		.byte	0x5
 185 0101 38       		.byte	0x38
 186 0102 CE000000 		.4byte	0xce
 187 0106 04       		.byte	0x4
 188 0107 06       		.uleb128 0x6
 189 0108 BE010000 		.4byte	.LASF23
 190 010c 05       		.byte	0x5
 191 010d 39       		.byte	0x39
ARM GAS  C:\Users\tester\AppData\Local\Temp\ccsTC7mf.s 			page 7


 192 010e CE000000 		.4byte	0xce
 193 0112 08       		.byte	0x8
 194 0113 06       		.uleb128 0x6
 195 0114 7A050000 		.4byte	.LASF24
 196 0118 05       		.byte	0x5
 197 0119 3A       		.byte	0x3a
 198 011a CE000000 		.4byte	0xce
 199 011e 0C       		.byte	0xc
 200 011f 06       		.uleb128 0x6
 201 0120 74010000 		.4byte	.LASF25
 202 0124 05       		.byte	0x5
 203 0125 3B       		.byte	0x3b
 204 0126 CE000000 		.4byte	0xce
 205 012a 10       		.byte	0x10
 206 012b 06       		.uleb128 0x6
 207 012c 9D010000 		.4byte	.LASF26
 208 0130 05       		.byte	0x5
 209 0131 3C       		.byte	0x3c
 210 0132 CE000000 		.4byte	0xce
 211 0136 14       		.byte	0x14
 212 0137 06       		.uleb128 0x6
 213 0138 F9020000 		.4byte	.LASF27
 214 013c 05       		.byte	0x5
 215 013d 3D       		.byte	0x3d
 216 013e CE000000 		.4byte	0xce
 217 0142 18       		.byte	0x18
 218 0143 06       		.uleb128 0x6
 219 0144 67000000 		.4byte	.LASF28
 220 0148 05       		.byte	0x5
 221 0149 3E       		.byte	0x3e
 222 014a CE000000 		.4byte	0xce
 223 014e 1C       		.byte	0x1c
 224 014f 06       		.uleb128 0x6
 225 0150 4E070000 		.4byte	.LASF29
 226 0154 05       		.byte	0x5
 227 0155 3F       		.byte	0x3f
 228 0156 CE000000 		.4byte	0xce
 229 015a 20       		.byte	0x20
 230 015b 06       		.uleb128 0x6
 231 015c 4C040000 		.4byte	.LASF30
 232 0160 05       		.byte	0x5
 233 0161 40       		.byte	0x40
 234 0162 CE000000 		.4byte	0xce
 235 0166 24       		.byte	0x24
 236 0167 06       		.uleb128 0x6
 237 0168 AA030000 		.4byte	.LASF31
 238 016c 05       		.byte	0x5
 239 016d 43       		.byte	0x43
 240 016e A2000000 		.4byte	0xa2
 241 0172 28       		.byte	0x28
 242 0173 06       		.uleb128 0x6
 243 0174 4D000000 		.4byte	.LASF32
 244 0178 05       		.byte	0x5
 245 0179 44       		.byte	0x44
 246 017a A2000000 		.4byte	0xa2
 247 017e 29       		.byte	0x29
 248 017f 06       		.uleb128 0x6
ARM GAS  C:\Users\tester\AppData\Local\Temp\ccsTC7mf.s 			page 8


 249 0180 44070000 		.4byte	.LASF33
 250 0184 05       		.byte	0x5
 251 0185 45       		.byte	0x45
 252 0186 A2000000 		.4byte	0xa2
 253 018a 2A       		.byte	0x2a
 254 018b 06       		.uleb128 0x6
 255 018c 3E040000 		.4byte	.LASF34
 256 0190 05       		.byte	0x5
 257 0191 46       		.byte	0x46
 258 0192 A2000000 		.4byte	0xa2
 259 0196 2B       		.byte	0x2b
 260 0197 06       		.uleb128 0x6
 261 0198 40030000 		.4byte	.LASF35
 262 019c 05       		.byte	0x5
 263 019d 47       		.byte	0x47
 264 019e A2000000 		.4byte	0xa2
 265 01a2 2C       		.byte	0x2c
 266 01a3 06       		.uleb128 0x6
 267 01a4 4A060000 		.4byte	.LASF36
 268 01a8 05       		.byte	0x5
 269 01a9 48       		.byte	0x48
 270 01aa A2000000 		.4byte	0xa2
 271 01ae 2D       		.byte	0x2d
 272 01af 06       		.uleb128 0x6
 273 01b0 7D010000 		.4byte	.LASF37
 274 01b4 05       		.byte	0x5
 275 01b5 49       		.byte	0x49
 276 01b6 A2000000 		.4byte	0xa2
 277 01ba 2E       		.byte	0x2e
 278 01bb 06       		.uleb128 0x6
 279 01bc B7030000 		.4byte	.LASF38
 280 01c0 05       		.byte	0x5
 281 01c1 4A       		.byte	0x4a
 282 01c2 A2000000 		.4byte	0xa2
 283 01c6 2F       		.byte	0x2f
 284 01c7 06       		.uleb128 0x6
 285 01c8 08060000 		.4byte	.LASF39
 286 01cc 05       		.byte	0x5
 287 01cd 4B       		.byte	0x4b
 288 01ce A2000000 		.4byte	0xa2
 289 01d2 30       		.byte	0x30
 290 01d3 06       		.uleb128 0x6
 291 01d4 EE020000 		.4byte	.LASF40
 292 01d8 05       		.byte	0x5
 293 01d9 4E       		.byte	0x4e
 294 01da A2000000 		.4byte	0xa2
 295 01de 31       		.byte	0x31
 296 01df 06       		.uleb128 0x6
 297 01e0 70000000 		.4byte	.LASF41
 298 01e4 05       		.byte	0x5
 299 01e5 4F       		.byte	0x4f
 300 01e6 A2000000 		.4byte	0xa2
 301 01ea 32       		.byte	0x32
 302 01eb 06       		.uleb128 0x6
 303 01ec A8020000 		.4byte	.LASF42
 304 01f0 05       		.byte	0x5
 305 01f1 50       		.byte	0x50
ARM GAS  C:\Users\tester\AppData\Local\Temp\ccsTC7mf.s 			page 9


 306 01f2 A2000000 		.4byte	0xa2
 307 01f6 33       		.byte	0x33
 308 01f7 06       		.uleb128 0x6
 309 01f8 EC030000 		.4byte	.LASF43
 310 01fc 05       		.byte	0x5
 311 01fd 51       		.byte	0x51
 312 01fe A2000000 		.4byte	0xa2
 313 0202 34       		.byte	0x34
 314 0203 06       		.uleb128 0x6
 315 0204 A5060000 		.4byte	.LASF44
 316 0208 05       		.byte	0x5
 317 0209 52       		.byte	0x52
 318 020a AD000000 		.4byte	0xad
 319 020e 36       		.byte	0x36
 320 020f 06       		.uleb128 0x6
 321 0210 DE010000 		.4byte	.LASF45
 322 0214 05       		.byte	0x5
 323 0215 53       		.byte	0x53
 324 0216 AD000000 		.4byte	0xad
 325 021a 38       		.byte	0x38
 326 021b 06       		.uleb128 0x6
 327 021c C3060000 		.4byte	.LASF46
 328 0220 05       		.byte	0x5
 329 0221 54       		.byte	0x54
 330 0222 AD000000 		.4byte	0xad
 331 0226 3A       		.byte	0x3a
 332 0227 06       		.uleb128 0x6
 333 0228 35070000 		.4byte	.LASF47
 334 022c 05       		.byte	0x5
 335 022d 55       		.byte	0x55
 336 022e A2000000 		.4byte	0xa2
 337 0232 3C       		.byte	0x3c
 338 0233 06       		.uleb128 0x6
 339 0234 05020000 		.4byte	.LASF48
 340 0238 05       		.byte	0x5
 341 0239 56       		.byte	0x56
 342 023a A2000000 		.4byte	0xa2
 343 023e 3D       		.byte	0x3d
 344 023f 06       		.uleb128 0x6
 345 0240 D0050000 		.4byte	.LASF49
 346 0244 05       		.byte	0x5
 347 0245 57       		.byte	0x57
 348 0246 A2000000 		.4byte	0xa2
 349 024a 3E       		.byte	0x3e
 350 024b 06       		.uleb128 0x6
 351 024c 5B000000 		.4byte	.LASF50
 352 0250 05       		.byte	0x5
 353 0251 58       		.byte	0x58
 354 0252 A2000000 		.4byte	0xa2
 355 0256 3F       		.byte	0x3f
 356 0257 06       		.uleb128 0x6
 357 0258 57040000 		.4byte	.LASF51
 358 025c 05       		.byte	0x5
 359 025d 59       		.byte	0x59
 360 025e A2000000 		.4byte	0xa2
 361 0262 40       		.byte	0x40
 362 0263 06       		.uleb128 0x6
ARM GAS  C:\Users\tester\AppData\Local\Temp\ccsTC7mf.s 			page 10


 363 0264 87060000 		.4byte	.LASF52
 364 0268 05       		.byte	0x5
 365 0269 5A       		.byte	0x5a
 366 026a A2000000 		.4byte	0xa2
 367 026e 41       		.byte	0x41
 368 026f 06       		.uleb128 0x6
 369 0270 5C030000 		.4byte	.LASF53
 370 0274 05       		.byte	0x5
 371 0275 5B       		.byte	0x5b
 372 0276 A2000000 		.4byte	0xa2
 373 027a 42       		.byte	0x42
 374 027b 06       		.uleb128 0x6
 375 027c 33040000 		.4byte	.LASF54
 376 0280 05       		.byte	0x5
 377 0281 5C       		.byte	0x5c
 378 0282 A2000000 		.4byte	0xa2
 379 0286 43       		.byte	0x43
 380 0287 06       		.uleb128 0x6
 381 0288 CD010000 		.4byte	.LASF55
 382 028c 05       		.byte	0x5
 383 028d 5D       		.byte	0x5d
 384 028e A2000000 		.4byte	0xa2
 385 0292 44       		.byte	0x44
 386 0293 06       		.uleb128 0x6
 387 0294 00000000 		.4byte	.LASF56
 388 0298 05       		.byte	0x5
 389 0299 5E       		.byte	0x5e
 390 029a CE000000 		.4byte	0xce
 391 029e 48       		.byte	0x48
 392 029f 06       		.uleb128 0x6
 393 02a0 B0010000 		.4byte	.LASF57
 394 02a4 05       		.byte	0x5
 395 02a5 5F       		.byte	0x5f
 396 02a6 CE000000 		.4byte	0xce
 397 02aa 4C       		.byte	0x4c
 398 02ab 06       		.uleb128 0x6
 399 02ac 89070000 		.4byte	.LASF58
 400 02b0 05       		.byte	0x5
 401 02b1 60       		.byte	0x60
 402 02b2 A2000000 		.4byte	0xa2
 403 02b6 50       		.byte	0x50
 404 02b7 06       		.uleb128 0x6
 405 02b8 17010000 		.4byte	.LASF59
 406 02bc 05       		.byte	0x5
 407 02bd 61       		.byte	0x61
 408 02be A2000000 		.4byte	0xa2
 409 02c2 51       		.byte	0x51
 410 02c3 06       		.uleb128 0x6
 411 02c4 D8060000 		.4byte	.LASF60
 412 02c8 05       		.byte	0x5
 413 02c9 62       		.byte	0x62
 414 02ca A2000000 		.4byte	0xa2
 415 02ce 52       		.byte	0x52
 416 02cf 06       		.uleb128 0x6
 417 02d0 6C070000 		.4byte	.LASF61
 418 02d4 05       		.byte	0x5
 419 02d5 63       		.byte	0x63
ARM GAS  C:\Users\tester\AppData\Local\Temp\ccsTC7mf.s 			page 11


 420 02d6 A2000000 		.4byte	0xa2
 421 02da 53       		.byte	0x53
 422 02db 06       		.uleb128 0x6
 423 02dc DE050000 		.4byte	.LASF62
 424 02e0 05       		.byte	0x5
 425 02e1 64       		.byte	0x64
 426 02e2 A2000000 		.4byte	0xa2
 427 02e6 54       		.byte	0x54
 428 02e7 06       		.uleb128 0x6
 429 02e8 29010000 		.4byte	.LASF63
 430 02ec 05       		.byte	0x5
 431 02ed 65       		.byte	0x65
 432 02ee A2000000 		.4byte	0xa2
 433 02f2 55       		.byte	0x55
 434 02f3 06       		.uleb128 0x6
 435 02f4 57060000 		.4byte	.LASF64
 436 02f8 05       		.byte	0x5
 437 02f9 66       		.byte	0x66
 438 02fa A2000000 		.4byte	0xa2
 439 02fe 56       		.byte	0x56
 440 02ff 06       		.uleb128 0x6
 441 0300 02030000 		.4byte	.LASF65
 442 0304 05       		.byte	0x5
 443 0305 67       		.byte	0x67
 444 0306 A2000000 		.4byte	0xa2
 445 030a 57       		.byte	0x57
 446 030b 06       		.uleb128 0x6
 447 030c 12000000 		.4byte	.LASF66
 448 0310 05       		.byte	0x5
 449 0311 68       		.byte	0x68
 450 0312 A2000000 		.4byte	0xa2
 451 0316 58       		.byte	0x58
 452 0317 06       		.uleb128 0x6
 453 0318 9E050000 		.4byte	.LASF67
 454 031c 05       		.byte	0x5
 455 031d 69       		.byte	0x69
 456 031e A2000000 		.4byte	0xa2
 457 0322 59       		.byte	0x59
 458 0323 06       		.uleb128 0x6
 459 0324 E1030000 		.4byte	.LASF68
 460 0328 05       		.byte	0x5
 461 0329 6E       		.byte	0x6e
 462 032a B8000000 		.4byte	0xb8
 463 032e 5A       		.byte	0x5a
 464 032f 06       		.uleb128 0x6
 465 0330 7E060000 		.4byte	.LASF69
 466 0334 05       		.byte	0x5
 467 0335 6F       		.byte	0x6f
 468 0336 B8000000 		.4byte	0xb8
 469 033a 5C       		.byte	0x5c
 470 033b 06       		.uleb128 0x6
 471 033c BE000000 		.4byte	.LASF70
 472 0340 05       		.byte	0x5
 473 0341 70       		.byte	0x70
 474 0342 A2000000 		.4byte	0xa2
 475 0346 5E       		.byte	0x5e
 476 0347 06       		.uleb128 0x6
ARM GAS  C:\Users\tester\AppData\Local\Temp\ccsTC7mf.s 			page 12


 477 0348 64050000 		.4byte	.LASF71
 478 034c 05       		.byte	0x5
 479 034d 71       		.byte	0x71
 480 034e A2000000 		.4byte	0xa2
 481 0352 5F       		.byte	0x5f
 482 0353 06       		.uleb128 0x6
 483 0354 22040000 		.4byte	.LASF72
 484 0358 05       		.byte	0x5
 485 0359 72       		.byte	0x72
 486 035a A2000000 		.4byte	0xa2
 487 035e 60       		.byte	0x60
 488 035f 06       		.uleb128 0x6
 489 0360 3D050000 		.4byte	.LASF73
 490 0364 05       		.byte	0x5
 491 0365 73       		.byte	0x73
 492 0366 CE000000 		.4byte	0xce
 493 036a 64       		.byte	0x64
 494 036b 06       		.uleb128 0x6
 495 036c E4000000 		.4byte	.LASF74
 496 0370 05       		.byte	0x5
 497 0371 76       		.byte	0x76
 498 0372 B8000000 		.4byte	0xb8
 499 0376 68       		.byte	0x68
 500 0377 06       		.uleb128 0x6
 501 0378 CA020000 		.4byte	.LASF75
 502 037c 05       		.byte	0x5
 503 037d 77       		.byte	0x77
 504 037e B8000000 		.4byte	0xb8
 505 0382 6A       		.byte	0x6a
 506 0383 06       		.uleb128 0x6
 507 0384 16030000 		.4byte	.LASF76
 508 0388 05       		.byte	0x5
 509 0389 78       		.byte	0x78
 510 038a B8000000 		.4byte	0xb8
 511 038e 6C       		.byte	0x6c
 512 038f 06       		.uleb128 0x6
 513 0390 33030000 		.4byte	.LASF77
 514 0394 05       		.byte	0x5
 515 0395 79       		.byte	0x79
 516 0396 B8000000 		.4byte	0xb8
 517 039a 6E       		.byte	0x6e
 518 039b 06       		.uleb128 0x6
 519 039c BC050000 		.4byte	.LASF78
 520 03a0 05       		.byte	0x5
 521 03a1 7B       		.byte	0x7b
 522 03a2 A2000000 		.4byte	0xa2
 523 03a6 70       		.byte	0x70
 524 03a7 06       		.uleb128 0x6
 525 03a8 5F010000 		.4byte	.LASF79
 526 03ac 05       		.byte	0x5
 527 03ad 7C       		.byte	0x7c
 528 03ae A2000000 		.4byte	0xa2
 529 03b2 71       		.byte	0x71
 530 03b3 06       		.uleb128 0x6
 531 03b4 56070000 		.4byte	.LASF80
 532 03b8 05       		.byte	0x5
 533 03b9 7D       		.byte	0x7d
ARM GAS  C:\Users\tester\AppData\Local\Temp\ccsTC7mf.s 			page 13


 534 03ba A2000000 		.4byte	0xa2
 535 03be 72       		.byte	0x72
 536 03bf 06       		.uleb128 0x6
 537 03c0 FD030000 		.4byte	.LASF81
 538 03c4 05       		.byte	0x5
 539 03c5 7E       		.byte	0x7e
 540 03c6 A2000000 		.4byte	0xa2
 541 03ca 73       		.byte	0x73
 542 03cb 06       		.uleb128 0x6
 543 03cc 15020000 		.4byte	.LASF82
 544 03d0 05       		.byte	0x5
 545 03d1 80       		.byte	0x80
 546 03d2 B8000000 		.4byte	0xb8
 547 03d6 74       		.byte	0x74
 548 03d7 06       		.uleb128 0x6
 549 03d8 2D060000 		.4byte	.LASF83
 550 03dc 05       		.byte	0x5
 551 03dd 81       		.byte	0x81
 552 03de B8000000 		.4byte	0xb8
 553 03e2 76       		.byte	0x76
 554 03e3 06       		.uleb128 0x6
 555 03e4 F0010000 		.4byte	.LASF84
 556 03e8 05       		.byte	0x5
 557 03e9 82       		.byte	0x82
 558 03ea B8000000 		.4byte	0xb8
 559 03ee 78       		.byte	0x78
 560 03ef 06       		.uleb128 0x6
 561 03f0 88000000 		.4byte	.LASF85
 562 03f4 05       		.byte	0x5
 563 03f5 83       		.byte	0x83
 564 03f6 B8000000 		.4byte	0xb8
 565 03fa 7A       		.byte	0x7a
 566 03fb 06       		.uleb128 0x6
 567 03fc 0A070000 		.4byte	.LASF86
 568 0400 05       		.byte	0x5
 569 0401 86       		.byte	0x86
 570 0402 A2000000 		.4byte	0xa2
 571 0406 7C       		.byte	0x7c
 572 0407 06       		.uleb128 0x6
 573 0408 B2060000 		.4byte	.LASF87
 574 040c 05       		.byte	0x5
 575 040d 87       		.byte	0x87
 576 040e A2000000 		.4byte	0xa2
 577 0412 7D       		.byte	0x7d
 578 0413 06       		.uleb128 0x6
 579 0414 26000000 		.4byte	.LASF88
 580 0418 05       		.byte	0x5
 581 0419 88       		.byte	0x88
 582 041a A2000000 		.4byte	0xa2
 583 041e 7E       		.byte	0x7e
 584 041f 06       		.uleb128 0x6
 585 0420 27020000 		.4byte	.LASF89
 586 0424 05       		.byte	0x5
 587 0425 89       		.byte	0x89
 588 0426 A2000000 		.4byte	0xa2
 589 042a 7F       		.byte	0x7f
 590 042b 06       		.uleb128 0x6
ARM GAS  C:\Users\tester\AppData\Local\Temp\ccsTC7mf.s 			page 14


 591 042c 94020000 		.4byte	.LASF90
 592 0430 05       		.byte	0x5
 593 0431 8A       		.byte	0x8a
 594 0432 A2000000 		.4byte	0xa2
 595 0436 80       		.byte	0x80
 596 0437 06       		.uleb128 0x6
 597 0438 93030000 		.4byte	.LASF91
 598 043c 05       		.byte	0x5
 599 043d 8D       		.byte	0x8d
 600 043e CE000000 		.4byte	0xce
 601 0442 84       		.byte	0x84
 602 0443 06       		.uleb128 0x6
 603 0444 9D000000 		.4byte	.LASF92
 604 0448 05       		.byte	0x5
 605 0449 8E       		.byte	0x8e
 606 044a CE000000 		.4byte	0xce
 607 044e 88       		.byte	0x88
 608 044f 06       		.uleb128 0x6
 609 0450 F5060000 		.4byte	.LASF93
 610 0454 05       		.byte	0x5
 611 0455 8F       		.byte	0x8f
 612 0456 CE000000 		.4byte	0xce
 613 045a 8C       		.byte	0x8c
 614 045b 06       		.uleb128 0x6
 615 045c C3030000 		.4byte	.LASF94
 616 0460 05       		.byte	0x5
 617 0461 90       		.byte	0x90
 618 0462 CE000000 		.4byte	0xce
 619 0466 90       		.byte	0x90
 620 0467 06       		.uleb128 0x6
 621 0468 7F020000 		.4byte	.LASF95
 622 046c 05       		.byte	0x5
 623 046d 91       		.byte	0x91
 624 046e CE000000 		.4byte	0xce
 625 0472 94       		.byte	0x94
 626 0473 06       		.uleb128 0x6
 627 0474 7D030000 		.4byte	.LASF96
 628 0478 05       		.byte	0x5
 629 0479 92       		.byte	0x92
 630 047a CE000000 		.4byte	0xce
 631 047e 98       		.byte	0x98
 632 047f 06       		.uleb128 0x6
 633 0480 1F070000 		.4byte	.LASF97
 634 0484 05       		.byte	0x5
 635 0485 93       		.byte	0x93
 636 0486 CE000000 		.4byte	0xce
 637 048a 9C       		.byte	0x9c
 638 048b 06       		.uleb128 0x6
 639 048c F4000000 		.4byte	.LASF98
 640 0490 05       		.byte	0x5
 641 0491 94       		.byte	0x94
 642 0492 CE000000 		.4byte	0xce
 643 0496 A0       		.byte	0xa0
 644 0497 06       		.uleb128 0x6
 645 0498 88010000 		.4byte	.LASF99
 646 049c 05       		.byte	0x5
 647 049d 95       		.byte	0x95
ARM GAS  C:\Users\tester\AppData\Local\Temp\ccsTC7mf.s 			page 15


 648 049e B8000000 		.4byte	0xb8
 649 04a2 A4       		.byte	0xa4
 650 04a3 06       		.uleb128 0x6
 651 04a4 68030000 		.4byte	.LASF100
 652 04a8 05       		.byte	0x5
 653 04a9 96       		.byte	0x96
 654 04aa B8000000 		.4byte	0xb8
 655 04ae A6       		.byte	0xa6
 656 04af 06       		.uleb128 0x6
 657 04b0 58050000 		.4byte	.LASF101
 658 04b4 05       		.byte	0x5
 659 04b5 97       		.byte	0x97
 660 04b6 B8000000 		.4byte	0xb8
 661 04ba A8       		.byte	0xa8
 662 04bb 06       		.uleb128 0x6
 663 04bc 14060000 		.4byte	.LASF102
 664 04c0 05       		.byte	0x5
 665 04c1 98       		.byte	0x98
 666 04c2 B8000000 		.4byte	0xb8
 667 04c6 AA       		.byte	0xaa
 668 04c7 06       		.uleb128 0x6
 669 04c8 25030000 		.4byte	.LASF103
 670 04cc 05       		.byte	0x5
 671 04cd 99       		.byte	0x99
 672 04ce B8000000 		.4byte	0xb8
 673 04d2 AC       		.byte	0xac
 674 04d3 06       		.uleb128 0x6
 675 04d4 14040000 		.4byte	.LASF104
 676 04d8 05       		.byte	0x5
 677 04d9 9A       		.byte	0x9a
 678 04da B8000000 		.4byte	0xb8
 679 04de AE       		.byte	0xae
 680 04df 06       		.uleb128 0x6
 681 04e0 97060000 		.4byte	.LASF105
 682 04e4 05       		.byte	0x5
 683 04e5 9D       		.byte	0x9d
 684 04e6 B8000000 		.4byte	0xb8
 685 04ea B0       		.byte	0xb0
 686 04eb 06       		.uleb128 0x6
 687 04ec 39000000 		.4byte	.LASF106
 688 04f0 05       		.byte	0x5
 689 04f1 9E       		.byte	0x9e
 690 04f2 CE000000 		.4byte	0xce
 691 04f6 B4       		.byte	0xb4
 692 04f7 00       		.byte	0
 693 04f8 03       		.uleb128 0x3
 694 04f9 4C030000 		.4byte	.LASF107
 695 04fd 05       		.byte	0x5
 696 04fe 9F       		.byte	0x9f
 697 04ff E7000000 		.4byte	0xe7
 698 0503 02       		.uleb128 0x2
 699 0504 01       		.byte	0x1
 700 0505 08       		.byte	0x8
 701 0506 03060000 		.4byte	.LASF108
 702 050a 02       		.uleb128 0x2
 703 050b 04       		.byte	0x4
 704 050c 04       		.byte	0x4
ARM GAS  C:\Users\tester\AppData\Local\Temp\ccsTC7mf.s 			page 16


 705 050d 24050000 		.4byte	.LASF109
 706 0511 02       		.uleb128 0x2
 707 0512 08       		.byte	0x8
 708 0513 04       		.byte	0x4
 709 0514 E9010000 		.4byte	.LASF110
 710 0518 07       		.uleb128 0x7
 711 0519 C7010000 		.4byte	.LASF111
 712 051d 06       		.byte	0x6
 713 051e EA03     		.2byte	0x3ea
 714 0520 A2000000 		.4byte	0xa2
 715 0524 08       		.uleb128 0x8
 716 0525 04       		.byte	0x4
 717 0526 CE000000 		.4byte	0xce
 718 052a 02       		.uleb128 0x2
 719 052b 01       		.byte	0x1
 720 052c 02       		.byte	0x2
 721 052d 82050000 		.4byte	.LASF112
 722 0531 09       		.uleb128 0x9
 723 0532 64040000 		.4byte	.LASF122
 724 0536 02       		.byte	0x2
 725 0537 81       		.byte	0x81
 726 0538 03       		.byte	0x3
 727 0539 0A       		.uleb128 0xa
 728 053a 10020000 		.4byte	.LASF123
 729 053e 01       		.byte	0x1
 730 053f 13       		.byte	0x13
 731 0540 94000000 		.4byte	0x94
 732 0544 00000000 		.4byte	.LFB328
 733 0548 04000000 		.4byte	.LFE328-.LFB328
 734 054c 01       		.uleb128 0x1
 735 054d 9C       		.byte	0x9c
 736 054e D1050000 		.4byte	0x5d1
 737 0552 0B       		.uleb128 0xb
 738 0553 5B020000 		.4byte	.LASF113
 739 0557 01       		.byte	0x1
 740 0558 15       		.byte	0x15
 741 0559 D1050000 		.4byte	0x5d1
 742 055d 00000014 		.4byte	0x14000000
 743 0561 0C       		.uleb128 0xc
 744 0562 F0060000 		.4byte	.LASF124
 745 0566 01       		.byte	0x1
 746 0567 16       		.byte	0x16
 747 0568 DC050000 		.4byte	0x5dc
 748 056c 0D       		.uleb128 0xd
 749 056d 6C656E00 		.ascii	"len\000"
 750 0571 01       		.byte	0x1
 751 0572 17       		.byte	0x17
 752 0573 18050000 		.4byte	0x518
 753 0577 40       		.byte	0x40
 754 0578 0E       		.uleb128 0xe
 755 0579 61020000 		.4byte	.LASF114
 756 057d 01       		.byte	0x1
 757 057e 1C       		.byte	0x1c
 758 057f 24050000 		.4byte	0x524
 759 0583 92050000 		.4byte	0x592
 760 0587 0F       		.uleb128 0xf
 761 0588 24050000 		.4byte	0x524
ARM GAS  C:\Users\tester\AppData\Local\Temp\ccsTC7mf.s 			page 17


 762 058c 0F       		.uleb128 0xf
 763 058d 18050000 		.4byte	0x518
 764 0591 00       		.byte	0
 765 0592 0E       		.uleb128 0xe
 766 0593 2A050000 		.4byte	.LASF115
 767 0597 01       		.byte	0x1
 768 0598 1D       		.byte	0x1d
 769 0599 24050000 		.4byte	0x524
 770 059d AC050000 		.4byte	0x5ac
 771 05a1 0F       		.uleb128 0xf
 772 05a2 24050000 		.4byte	0x524
 773 05a6 0F       		.uleb128 0xf
 774 05a7 24050000 		.4byte	0x524
 775 05ab 00       		.byte	0
 776 05ac 0E       		.uleb128 0xe
 777 05ad 3B020000 		.4byte	.LASF116
 778 05b1 01       		.byte	0x1
 779 05b2 1E       		.byte	0x1e
 780 05b3 24050000 		.4byte	0x524
 781 05b7 C1050000 		.4byte	0x5c1
 782 05bb 0F       		.uleb128 0xf
 783 05bc 24050000 		.4byte	0x524
 784 05c0 00       		.byte	0
 785 05c1 10       		.uleb128 0x10
 786 05c2 31050000 		.4byte	0x531
 787 05c6 00000000 		.4byte	.LBB4
 788 05ca 04000000 		.4byte	.LBE4-.LBB4
 789 05ce 01       		.byte	0x1
 790 05cf 18       		.byte	0x18
 791 05d0 00       		.byte	0
 792 05d1 08       		.uleb128 0x8
 793 05d2 04       		.byte	0x4
 794 05d3 D7050000 		.4byte	0x5d7
 795 05d7 11       		.uleb128 0x11
 796 05d8 CE000000 		.4byte	0xce
 797 05dc 12       		.uleb128 0x12
 798 05dd CE000000 		.4byte	0xce
 799 05e1 ED050000 		.4byte	0x5ed
 800 05e5 13       		.uleb128 0x13
 801 05e6 D9000000 		.4byte	0xd9
 802 05ea FF01     		.2byte	0x1ff
 803 05ec 00       		.byte	0
 804 05ed 14       		.uleb128 0x14
 805 05ee 0A010000 		.4byte	.LASF117
 806 05f2 07       		.byte	0x7
 807 05f3 F907     		.2byte	0x7f9
 808 05f5 F9050000 		.4byte	0x5f9
 809 05f9 15       		.uleb128 0x15
 810 05fa C3000000 		.4byte	0xc3
 811 05fe 16       		.uleb128 0x16
 812 05ff 4E050000 		.4byte	.LASF118
 813 0603 05       		.byte	0x5
 814 0604 A7       		.byte	0xa7
 815 0605 09060000 		.4byte	0x609
 816 0609 08       		.uleb128 0x8
 817 060a 04       		.byte	0x4
 818 060b 0F060000 		.4byte	0x60f
ARM GAS  C:\Users\tester\AppData\Local\Temp\ccsTC7mf.s 			page 18


 819 060f 11       		.uleb128 0x11
 820 0610 F8040000 		.4byte	0x4f8
 821 0614 00       		.byte	0
 822              		.section	.debug_abbrev,"",%progbits
 823              	.Ldebug_abbrev0:
 824 0000 01       		.uleb128 0x1
 825 0001 11       		.uleb128 0x11
 826 0002 01       		.byte	0x1
 827 0003 25       		.uleb128 0x25
 828 0004 0E       		.uleb128 0xe
 829 0005 13       		.uleb128 0x13
 830 0006 0B       		.uleb128 0xb
 831 0007 03       		.uleb128 0x3
 832 0008 0E       		.uleb128 0xe
 833 0009 1B       		.uleb128 0x1b
 834 000a 0E       		.uleb128 0xe
 835 000b 55       		.uleb128 0x55
 836 000c 17       		.uleb128 0x17
 837 000d 11       		.uleb128 0x11
 838 000e 01       		.uleb128 0x1
 839 000f 10       		.uleb128 0x10
 840 0010 17       		.uleb128 0x17
 841 0011 00       		.byte	0
 842 0012 00       		.byte	0
 843 0013 02       		.uleb128 0x2
 844 0014 24       		.uleb128 0x24
 845 0015 00       		.byte	0
 846 0016 0B       		.uleb128 0xb
 847 0017 0B       		.uleb128 0xb
 848 0018 3E       		.uleb128 0x3e
 849 0019 0B       		.uleb128 0xb
 850 001a 03       		.uleb128 0x3
 851 001b 0E       		.uleb128 0xe
 852 001c 00       		.byte	0
 853 001d 00       		.byte	0
 854 001e 03       		.uleb128 0x3
 855 001f 16       		.uleb128 0x16
 856 0020 00       		.byte	0
 857 0021 03       		.uleb128 0x3
 858 0022 0E       		.uleb128 0xe
 859 0023 3A       		.uleb128 0x3a
 860 0024 0B       		.uleb128 0xb
 861 0025 3B       		.uleb128 0x3b
 862 0026 0B       		.uleb128 0xb
 863 0027 49       		.uleb128 0x49
 864 0028 13       		.uleb128 0x13
 865 0029 00       		.byte	0
 866 002a 00       		.byte	0
 867 002b 04       		.uleb128 0x4
 868 002c 24       		.uleb128 0x24
 869 002d 00       		.byte	0
 870 002e 0B       		.uleb128 0xb
 871 002f 0B       		.uleb128 0xb
 872 0030 3E       		.uleb128 0x3e
 873 0031 0B       		.uleb128 0xb
 874 0032 03       		.uleb128 0x3
 875 0033 08       		.uleb128 0x8
ARM GAS  C:\Users\tester\AppData\Local\Temp\ccsTC7mf.s 			page 19


 876 0034 00       		.byte	0
 877 0035 00       		.byte	0
 878 0036 05       		.uleb128 0x5
 879 0037 13       		.uleb128 0x13
 880 0038 01       		.byte	0x1
 881 0039 0B       		.uleb128 0xb
 882 003a 0B       		.uleb128 0xb
 883 003b 3A       		.uleb128 0x3a
 884 003c 0B       		.uleb128 0xb
 885 003d 3B       		.uleb128 0x3b
 886 003e 0B       		.uleb128 0xb
 887 003f 01       		.uleb128 0x1
 888 0040 13       		.uleb128 0x13
 889 0041 00       		.byte	0
 890 0042 00       		.byte	0
 891 0043 06       		.uleb128 0x6
 892 0044 0D       		.uleb128 0xd
 893 0045 00       		.byte	0
 894 0046 03       		.uleb128 0x3
 895 0047 0E       		.uleb128 0xe
 896 0048 3A       		.uleb128 0x3a
 897 0049 0B       		.uleb128 0xb
 898 004a 3B       		.uleb128 0x3b
 899 004b 0B       		.uleb128 0xb
 900 004c 49       		.uleb128 0x49
 901 004d 13       		.uleb128 0x13
 902 004e 38       		.uleb128 0x38
 903 004f 0B       		.uleb128 0xb
 904 0050 00       		.byte	0
 905 0051 00       		.byte	0
 906 0052 07       		.uleb128 0x7
 907 0053 16       		.uleb128 0x16
 908 0054 00       		.byte	0
 909 0055 03       		.uleb128 0x3
 910 0056 0E       		.uleb128 0xe
 911 0057 3A       		.uleb128 0x3a
 912 0058 0B       		.uleb128 0xb
 913 0059 3B       		.uleb128 0x3b
 914 005a 05       		.uleb128 0x5
 915 005b 49       		.uleb128 0x49
 916 005c 13       		.uleb128 0x13
 917 005d 00       		.byte	0
 918 005e 00       		.byte	0
 919 005f 08       		.uleb128 0x8
 920 0060 0F       		.uleb128 0xf
 921 0061 00       		.byte	0
 922 0062 0B       		.uleb128 0xb
 923 0063 0B       		.uleb128 0xb
 924 0064 49       		.uleb128 0x49
 925 0065 13       		.uleb128 0x13
 926 0066 00       		.byte	0
 927 0067 00       		.byte	0
 928 0068 09       		.uleb128 0x9
 929 0069 2E       		.uleb128 0x2e
 930 006a 00       		.byte	0
 931 006b 03       		.uleb128 0x3
 932 006c 0E       		.uleb128 0xe
ARM GAS  C:\Users\tester\AppData\Local\Temp\ccsTC7mf.s 			page 20


 933 006d 3A       		.uleb128 0x3a
 934 006e 0B       		.uleb128 0xb
 935 006f 3B       		.uleb128 0x3b
 936 0070 0B       		.uleb128 0xb
 937 0071 27       		.uleb128 0x27
 938 0072 19       		.uleb128 0x19
 939 0073 20       		.uleb128 0x20
 940 0074 0B       		.uleb128 0xb
 941 0075 00       		.byte	0
 942 0076 00       		.byte	0
 943 0077 0A       		.uleb128 0xa
 944 0078 2E       		.uleb128 0x2e
 945 0079 01       		.byte	0x1
 946 007a 3F       		.uleb128 0x3f
 947 007b 19       		.uleb128 0x19
 948 007c 03       		.uleb128 0x3
 949 007d 0E       		.uleb128 0xe
 950 007e 3A       		.uleb128 0x3a
 951 007f 0B       		.uleb128 0xb
 952 0080 3B       		.uleb128 0x3b
 953 0081 0B       		.uleb128 0xb
 954 0082 27       		.uleb128 0x27
 955 0083 19       		.uleb128 0x19
 956 0084 49       		.uleb128 0x49
 957 0085 13       		.uleb128 0x13
 958 0086 8701     		.uleb128 0x87
 959 0088 19       		.uleb128 0x19
 960 0089 11       		.uleb128 0x11
 961 008a 01       		.uleb128 0x1
 962 008b 12       		.uleb128 0x12
 963 008c 06       		.uleb128 0x6
 964 008d 40       		.uleb128 0x40
 965 008e 18       		.uleb128 0x18
 966 008f 9742     		.uleb128 0x2117
 967 0091 19       		.uleb128 0x19
 968 0092 01       		.uleb128 0x1
 969 0093 13       		.uleb128 0x13
 970 0094 00       		.byte	0
 971 0095 00       		.byte	0
 972 0096 0B       		.uleb128 0xb
 973 0097 34       		.uleb128 0x34
 974 0098 00       		.byte	0
 975 0099 03       		.uleb128 0x3
 976 009a 0E       		.uleb128 0xe
 977 009b 3A       		.uleb128 0x3a
 978 009c 0B       		.uleb128 0xb
 979 009d 3B       		.uleb128 0x3b
 980 009e 0B       		.uleb128 0xb
 981 009f 49       		.uleb128 0x49
 982 00a0 13       		.uleb128 0x13
 983 00a1 1C       		.uleb128 0x1c
 984 00a2 06       		.uleb128 0x6
 985 00a3 00       		.byte	0
 986 00a4 00       		.byte	0
 987 00a5 0C       		.uleb128 0xc
 988 00a6 34       		.uleb128 0x34
 989 00a7 00       		.byte	0
ARM GAS  C:\Users\tester\AppData\Local\Temp\ccsTC7mf.s 			page 21


 990 00a8 03       		.uleb128 0x3
 991 00a9 0E       		.uleb128 0xe
 992 00aa 3A       		.uleb128 0x3a
 993 00ab 0B       		.uleb128 0xb
 994 00ac 3B       		.uleb128 0x3b
 995 00ad 0B       		.uleb128 0xb
 996 00ae 49       		.uleb128 0x49
 997 00af 13       		.uleb128 0x13
 998 00b0 00       		.byte	0
 999 00b1 00       		.byte	0
 1000 00b2 0D       		.uleb128 0xd
 1001 00b3 34       		.uleb128 0x34
 1002 00b4 00       		.byte	0
 1003 00b5 03       		.uleb128 0x3
 1004 00b6 08       		.uleb128 0x8
 1005 00b7 3A       		.uleb128 0x3a
 1006 00b8 0B       		.uleb128 0xb
 1007 00b9 3B       		.uleb128 0x3b
 1008 00ba 0B       		.uleb128 0xb
 1009 00bb 49       		.uleb128 0x49
 1010 00bc 13       		.uleb128 0x13
 1011 00bd 1C       		.uleb128 0x1c
 1012 00be 0B       		.uleb128 0xb
 1013 00bf 00       		.byte	0
 1014 00c0 00       		.byte	0
 1015 00c1 0E       		.uleb128 0xe
 1016 00c2 2E       		.uleb128 0x2e
 1017 00c3 01       		.byte	0x1
 1018 00c4 3F       		.uleb128 0x3f
 1019 00c5 19       		.uleb128 0x19
 1020 00c6 03       		.uleb128 0x3
 1021 00c7 0E       		.uleb128 0xe
 1022 00c8 3A       		.uleb128 0x3a
 1023 00c9 0B       		.uleb128 0xb
 1024 00ca 3B       		.uleb128 0x3b
 1025 00cb 0B       		.uleb128 0xb
 1026 00cc 27       		.uleb128 0x27
 1027 00cd 19       		.uleb128 0x19
 1028 00ce 49       		.uleb128 0x49
 1029 00cf 13       		.uleb128 0x13
 1030 00d0 3C       		.uleb128 0x3c
 1031 00d1 19       		.uleb128 0x19
 1032 00d2 01       		.uleb128 0x1
 1033 00d3 13       		.uleb128 0x13
 1034 00d4 00       		.byte	0
 1035 00d5 00       		.byte	0
 1036 00d6 0F       		.uleb128 0xf
 1037 00d7 05       		.uleb128 0x5
 1038 00d8 00       		.byte	0
 1039 00d9 49       		.uleb128 0x49
 1040 00da 13       		.uleb128 0x13
 1041 00db 00       		.byte	0
 1042 00dc 00       		.byte	0
 1043 00dd 10       		.uleb128 0x10
 1044 00de 1D       		.uleb128 0x1d
 1045 00df 00       		.byte	0
 1046 00e0 31       		.uleb128 0x31
ARM GAS  C:\Users\tester\AppData\Local\Temp\ccsTC7mf.s 			page 22


 1047 00e1 13       		.uleb128 0x13
 1048 00e2 11       		.uleb128 0x11
 1049 00e3 01       		.uleb128 0x1
 1050 00e4 12       		.uleb128 0x12
 1051 00e5 06       		.uleb128 0x6
 1052 00e6 58       		.uleb128 0x58
 1053 00e7 0B       		.uleb128 0xb
 1054 00e8 59       		.uleb128 0x59
 1055 00e9 0B       		.uleb128 0xb
 1056 00ea 00       		.byte	0
 1057 00eb 00       		.byte	0
 1058 00ec 11       		.uleb128 0x11
 1059 00ed 26       		.uleb128 0x26
 1060 00ee 00       		.byte	0
 1061 00ef 49       		.uleb128 0x49
 1062 00f0 13       		.uleb128 0x13
 1063 00f1 00       		.byte	0
 1064 00f2 00       		.byte	0
 1065 00f3 12       		.uleb128 0x12
 1066 00f4 01       		.uleb128 0x1
 1067 00f5 01       		.byte	0x1
 1068 00f6 49       		.uleb128 0x49
 1069 00f7 13       		.uleb128 0x13
 1070 00f8 01       		.uleb128 0x1
 1071 00f9 13       		.uleb128 0x13
 1072 00fa 00       		.byte	0
 1073 00fb 00       		.byte	0
 1074 00fc 13       		.uleb128 0x13
 1075 00fd 21       		.uleb128 0x21
 1076 00fe 00       		.byte	0
 1077 00ff 49       		.uleb128 0x49
 1078 0100 13       		.uleb128 0x13
 1079 0101 2F       		.uleb128 0x2f
 1080 0102 05       		.uleb128 0x5
 1081 0103 00       		.byte	0
 1082 0104 00       		.byte	0
 1083 0105 14       		.uleb128 0x14
 1084 0106 34       		.uleb128 0x34
 1085 0107 00       		.byte	0
 1086 0108 03       		.uleb128 0x3
 1087 0109 0E       		.uleb128 0xe
 1088 010a 3A       		.uleb128 0x3a
 1089 010b 0B       		.uleb128 0xb
 1090 010c 3B       		.uleb128 0x3b
 1091 010d 05       		.uleb128 0x5
 1092 010e 49       		.uleb128 0x49
 1093 010f 13       		.uleb128 0x13
 1094 0110 3F       		.uleb128 0x3f
 1095 0111 19       		.uleb128 0x19
 1096 0112 3C       		.uleb128 0x3c
 1097 0113 19       		.uleb128 0x19
 1098 0114 00       		.byte	0
 1099 0115 00       		.byte	0
 1100 0116 15       		.uleb128 0x15
 1101 0117 35       		.uleb128 0x35
 1102 0118 00       		.byte	0
 1103 0119 49       		.uleb128 0x49
ARM GAS  C:\Users\tester\AppData\Local\Temp\ccsTC7mf.s 			page 23


 1104 011a 13       		.uleb128 0x13
 1105 011b 00       		.byte	0
 1106 011c 00       		.byte	0
 1107 011d 16       		.uleb128 0x16
 1108 011e 34       		.uleb128 0x34
 1109 011f 00       		.byte	0
 1110 0120 03       		.uleb128 0x3
 1111 0121 0E       		.uleb128 0xe
 1112 0122 3A       		.uleb128 0x3a
 1113 0123 0B       		.uleb128 0xb
 1114 0124 3B       		.uleb128 0x3b
 1115 0125 0B       		.uleb128 0xb
 1116 0126 49       		.uleb128 0x49
 1117 0127 13       		.uleb128 0x13
 1118 0128 3F       		.uleb128 0x3f
 1119 0129 19       		.uleb128 0x19
 1120 012a 3C       		.uleb128 0x3c
 1121 012b 19       		.uleb128 0x19
 1122 012c 00       		.byte	0
 1123 012d 00       		.byte	0
 1124 012e 00       		.byte	0
 1125              		.section	.debug_aranges,"",%progbits
 1126 0000 1C000000 		.4byte	0x1c
 1127 0004 0200     		.2byte	0x2
 1128 0006 00000000 		.4byte	.Ldebug_info0
 1129 000a 04       		.byte	0x4
 1130 000b 00       		.byte	0
 1131 000c 0000     		.2byte	0
 1132 000e 0000     		.2byte	0
 1133 0010 00000000 		.4byte	.LFB328
 1134 0014 04000000 		.4byte	.LFE328-.LFB328
 1135 0018 00000000 		.4byte	0
 1136 001c 00000000 		.4byte	0
 1137              		.section	.debug_ranges,"",%progbits
 1138              	.Ldebug_ranges0:
 1139 0000 00000000 		.4byte	.LFB328
 1140 0004 04000000 		.4byte	.LFE328
 1141 0008 00000000 		.4byte	0
 1142 000c 00000000 		.4byte	0
 1143              		.section	.debug_line,"",%progbits
 1144              	.Ldebug_line0:
 1145 0000 07020000 		.section	.debug_str,"MS",%progbits,1
 1145      0200EC01 
 1145      00000201 
 1145      FB0E0D00 
 1145      01010101 
 1146              	.LASF56:
 1147 0000 70726F74 		.ascii	"protBusMasterMask\000"
 1147      4275734D 
 1147      61737465 
 1147      724D6173 
 1147      6B00
 1148              	.LASF66:
 1149 0012 666C6173 		.ascii	"flashCtlMainWs3Freq\000"
 1149      6843746C 
 1149      4D61696E 
 1149      57733346 
ARM GAS  C:\Users\tester\AppData\Local\Temp\ccsTC7mf.s 			page 24


 1149      72657100 
 1150              	.LASF88:
 1151 0026 6770696F 		.ascii	"gpioPrtCfgInOffset\000"
 1151      50727443 
 1151      6667496E 
 1151      4F666673 
 1151      657400
 1152              	.LASF106:
 1153 0039 6970634C 		.ascii	"ipcLockStatusOffset\000"
 1153      6F636B53 
 1153      74617475 
 1153      734F6666 
 1153      73657400 
 1154              	.LASF32:
 1155 004d 63727970 		.ascii	"cryptoVersion\000"
 1155      746F5665 
 1155      7273696F 
 1155      6E00
 1156              	.LASF50:
 1157 005b 70657269 		.ascii	"periClockNr\000"
 1157      436C6F63 
 1157      6B4E7200 
 1158              	.LASF28:
 1159 0067 70617373 		.ascii	"passBase\000"
 1159      42617365 
 1159      00
 1160              	.LASF41:
 1161 0070 63707573 		.ascii	"cpussIpcIrqNr\000"
 1161      73497063 
 1161      4972714E 
 1161      7200
 1162              	.LASF3:
 1163 007e 5F5F7569 		.ascii	"__uint8_t\000"
 1163      6E74385F 
 1163      7400
 1164              	.LASF85:
 1165 0088 70657269 		.ascii	"periDiv24_5CtlOffset\000"
 1165      44697632 
 1165      345F3543 
 1165      746C4F66 
 1165      66736574 
 1166              	.LASF92:
 1167 009d 63707573 		.ascii	"cpussCm4ClockCtlOffset\000"
 1167      73436D34 
 1167      436C6F63 
 1167      6B43746C 
 1167      4F666673 
 1168              	.LASF21:
 1169 00b4 63707573 		.ascii	"cpussBase\000"
 1169      73426173 
 1169      6500
 1170              	.LASF70:
 1171 00be 64774368 		.ascii	"dwChCtlPrioPos\000"
 1171      43746C50 
 1171      72696F50 
 1171      6F7300
 1172              	.LASF12:
ARM GAS  C:\Users\tester\AppData\Local\Temp\ccsTC7mf.s 			page 25


 1173 00cd 6C6F6E67 		.ascii	"long long unsigned int\000"
 1173      206C6F6E 
 1173      6720756E 
 1173      7369676E 
 1173      65642069 
 1174              	.LASF74:
 1175 00e4 70657269 		.ascii	"periTrCmdOffset\000"
 1175      5472436D 
 1175      644F6666 
 1175      73657400 
 1176              	.LASF98:
 1177 00f4 63707573 		.ascii	"cpussSysTickCtlOffset\000"
 1177      73537973 
 1177      5469636B 
 1177      43746C4F 
 1177      66667365 
 1178              	.LASF117:
 1179 010a 49544D5F 		.ascii	"ITM_RxBuffer\000"
 1179      52784275 
 1179      66666572 
 1179      00
 1180              	.LASF59:
 1181 0117 666C6173 		.ascii	"flashPipeRequired\000"
 1181      68506970 
 1181      65526571 
 1181      75697265 
 1181      6400
 1182              	.LASF63:
 1183 0129 666C6173 		.ascii	"flashCtlMainWs0Freq\000"
 1183      6843746C 
 1183      4D61696E 
 1183      57733046 
 1183      72657100 
 1184              	.LASF15:
 1185 013d 696E7431 		.ascii	"int16_t\000"
 1185      365F7400 
 1186              	.LASF11:
 1187 0145 6C6F6E67 		.ascii	"long long int\000"
 1187      206C6F6E 
 1187      6720696E 
 1187      7400
 1188              	.LASF1:
 1189 0153 7369676E 		.ascii	"signed char\000"
 1189      65642063 
 1189      68617200 
 1190              	.LASF79:
 1191 015f 70657269 		.ascii	"periDivCmdTypeSelPos\000"
 1191      44697643 
 1191      6D645479 
 1191      70655365 
 1191      6C506F73 
 1192              	.LASF25:
 1193 0174 70726F74 		.ascii	"protBase\000"
 1193      42617365 
 1193      00
 1194              	.LASF37:
 1195 017d 69706356 		.ascii	"ipcVersion\000"
ARM GAS  C:\Users\tester\AppData\Local\Temp\ccsTC7mf.s 			page 26


 1195      65727369 
 1195      6F6E00
 1196              	.LASF99:
 1197 0188 63707573 		.ascii	"cpussCm0NmiCtlOffset\000"
 1197      73436D30 
 1197      4E6D6943 
 1197      746C4F66 
 1197      66736574 
 1198              	.LASF26:
 1199 019d 6873696F 		.ascii	"hsiomBase\000"
 1199      6D426173 
 1199      6500
 1200              	.LASF8:
 1201 01a7 6C6F6E67 		.ascii	"long int\000"
 1201      20696E74 
 1201      00
 1202              	.LASF57:
 1203 01b0 63727970 		.ascii	"cryptoMemSize\000"
 1203      746F4D65 
 1203      6D53697A 
 1203      6500
 1204              	.LASF23:
 1205 01be 70657269 		.ascii	"periBase\000"
 1205      42617365 
 1205      00
 1206              	.LASF111:
 1207 01c7 75696E74 		.ascii	"uint8\000"
 1207      3800
 1208              	.LASF55:
 1209 01cd 73797350 		.ascii	"sysPmSimoPresent\000"
 1209      6D53696D 
 1209      6F507265 
 1209      73656E74 
 1209      00
 1210              	.LASF45:
 1211 01de 63707573 		.ascii	"cpussFmIrq\000"
 1211      73466D49 
 1211      727100
 1212              	.LASF110:
 1213 01e9 646F7562 		.ascii	"double\000"
 1213      6C6500
 1214              	.LASF84:
 1215 01f0 70657269 		.ascii	"periDiv16_5CtlOffset\000"
 1215      44697631 
 1215      365F3543 
 1215      746C4F66 
 1215      66736574 
 1216              	.LASF48:
 1217 0205 73727373 		.ascii	"srssNumPll\000"
 1217      4E756D50 
 1217      6C6C00
 1218              	.LASF123:
 1219 0210 6D61696E 		.ascii	"main\000"
 1219      00
 1220              	.LASF82:
 1221 0215 70657269 		.ascii	"periDiv8CtlOffset\000"
 1221      44697638 
ARM GAS  C:\Users\tester\AppData\Local\Temp\ccsTC7mf.s 			page 27


 1221      43746C4F 
 1221      66667365 
 1221      7400
 1222              	.LASF89:
 1223 0227 6770696F 		.ascii	"gpioPrtCfgOutOffset\000"
 1223      50727443 
 1223      66674F75 
 1223      744F6666 
 1223      73657400 
 1224              	.LASF116:
 1225 023b 66726565 		.ascii	"free_data\000"
 1225      5F646174 
 1225      6100
 1226              	.LASF22:
 1227 0245 666C6173 		.ascii	"flashcBase\000"
 1227      68634261 
 1227      736500
 1228              	.LASF9:
 1229 0250 5F5F7569 		.ascii	"__uint32_t\000"
 1229      6E743332 
 1229      5F7400
 1230              	.LASF113:
 1231 025b 466C6173 		.ascii	"Flash\000"
 1231      6800
 1232              	.LASF114:
 1233 0261 6D616B65 		.ascii	"make_data_for_flash\000"
 1233      5F646174 
 1233      615F666F 
 1233      725F666C 
 1233      61736800 
 1234              	.LASF4:
 1235 0275 5F5F696E 		.ascii	"__int16_t\000"
 1235      7431365F 
 1235      7400
 1236              	.LASF95:
 1237 027f 63707573 		.ascii	"cpussCm4PwrCtlOffset\000"
 1237      73436D34 
 1237      50777243 
 1237      746C4F66 
 1237      66736574 
 1238              	.LASF90:
 1239 0294 6770696F 		.ascii	"gpioPrtCfgSioOffset\000"
 1239      50727443 
 1239      66675369 
 1239      6F4F6666 
 1239      73657400 
 1240              	.LASF42:
 1241 02a8 63707573 		.ascii	"cpussDwChNr\000"
 1241      73447743 
 1241      684E7200 
 1242              	.LASF13:
 1243 02b4 756E7369 		.ascii	"unsigned int\000"
 1243      676E6564 
 1243      20696E74 
 1243      00
 1244              	.LASF16:
 1245 02c1 75696E74 		.ascii	"uint16_t\000"
ARM GAS  C:\Users\tester\AppData\Local\Temp\ccsTC7mf.s 			page 28


 1245      31365F74 
 1245      00
 1246              	.LASF75:
 1247 02ca 70657269 		.ascii	"periTrCmdGrSelMsk\000"
 1247      5472436D 
 1247      64477253 
 1247      656C4D73 
 1247      6B00
 1248              	.LASF10:
 1249 02dc 6C6F6E67 		.ascii	"long unsigned int\000"
 1249      20756E73 
 1249      69676E65 
 1249      6420696E 
 1249      7400
 1250              	.LASF40:
 1251 02ee 63707573 		.ascii	"cpussIpcNr\000"
 1251      73497063 
 1251      4E7200
 1252              	.LASF27:
 1253 02f9 6770696F 		.ascii	"gpioBase\000"
 1253      42617365 
 1253      00
 1254              	.LASF65:
 1255 0302 666C6173 		.ascii	"flashCtlMainWs2Freq\000"
 1255      6843746C 
 1255      4D61696E 
 1255      57733246 
 1255      72657100 
 1256              	.LASF76:
 1257 0316 70657269 		.ascii	"periTrGrOffset\000"
 1257      54724772 
 1257      4F666673 
 1257      657400
 1258              	.LASF103:
 1259 0325 63707573 		.ascii	"cpussRam1Ctl0\000"
 1259      7352616D 
 1259      3143746C 
 1259      3000
 1260              	.LASF77:
 1261 0333 70657269 		.ascii	"periTrGrSize\000"
 1261      54724772 
 1261      53697A65 
 1261      00
 1262              	.LASF35:
 1263 0340 6770696F 		.ascii	"gpioVersion\000"
 1263      56657273 
 1263      696F6E00 
 1264              	.LASF107:
 1265 034c 63795F73 		.ascii	"cy_stc_device_t\000"
 1265      74635F64 
 1265      65766963 
 1265      655F7400 
 1266              	.LASF53:
 1267 035c 65704D6F 		.ascii	"epMonitorNr\000"
 1267      6E69746F 
 1267      724E7200 
 1268              	.LASF100:
ARM GAS  C:\Users\tester\AppData\Local\Temp\ccsTC7mf.s 			page 29


 1269 0368 63707573 		.ascii	"cpussCm4NmiCtlOffset\000"
 1269      73436D34 
 1269      4E6D6943 
 1269      746C4F66 
 1269      66736574 
 1270              	.LASF96:
 1271 037d 63707573 		.ascii	"cpussTrimRamCtlOffset\000"
 1271      73547269 
 1271      6D52616D 
 1271      43746C4F 
 1271      66667365 
 1272              	.LASF91:
 1273 0393 63707573 		.ascii	"cpussCm0ClockCtlOffset\000"
 1273      73436D30 
 1273      436C6F63 
 1273      6B43746C 
 1273      4F666673 
 1274              	.LASF31:
 1275 03aa 63707573 		.ascii	"cpussVersion\000"
 1275      73566572 
 1275      73696F6E 
 1275      00
 1276              	.LASF38:
 1277 03b7 70657269 		.ascii	"periVersion\000"
 1277      56657273 
 1277      696F6E00 
 1278              	.LASF94:
 1279 03c3 63707573 		.ascii	"cpussCm0StatusOffset\000"
 1279      73436D30 
 1279      53746174 
 1279      75734F66 
 1279      66736574 
 1280              	.LASF19:
 1281 03d8 73697A65 		.ascii	"sizetype\000"
 1281      74797065 
 1281      00
 1282              	.LASF68:
 1283 03e1 64774368 		.ascii	"dwChOffset\000"
 1283      4F666673 
 1283      657400
 1284              	.LASF43:
 1285 03ec 63707573 		.ascii	"cpussFlashPaSize\000"
 1285      73466C61 
 1285      73685061 
 1285      53697A65 
 1285      00
 1286              	.LASF81:
 1287 03fd 70657269 		.ascii	"periDivCmdPaTypeSelPos\000"
 1287      44697643 
 1287      6D645061 
 1287      54797065 
 1287      53656C50 
 1288              	.LASF104:
 1289 0414 63707573 		.ascii	"cpussRam2Ctl0\000"
 1289      7352616D 
 1289      3243746C 
 1289      3000
ARM GAS  C:\Users\tester\AppData\Local\Temp\ccsTC7mf.s 			page 30


 1290              	.LASF72:
 1291 0422 64775374 		.ascii	"dwStatusChIdxPos\000"
 1291      61747573 
 1291      43684964 
 1291      78506F73 
 1291      00
 1292              	.LASF54:
 1293 0433 75646250 		.ascii	"udbPresent\000"
 1293      72657365 
 1293      6E7400
 1294              	.LASF34:
 1295 043e 666C6173 		.ascii	"flashcVersion\000"
 1295      68635665 
 1295      7273696F 
 1295      6E00
 1296              	.LASF30:
 1297 044c 63727970 		.ascii	"cryptoBase\000"
 1297      746F4261 
 1297      736500
 1298              	.LASF51:
 1299 0457 736D6966 		.ascii	"smifDeviceNr\000"
 1299      44657669 
 1299      63654E72 
 1299      00
 1300              	.LASF122:
 1301 0464 5F5F656E 		.ascii	"__enable_irq\000"
 1301      61626C65 
 1301      5F697271 
 1301      00
 1302              	.LASF119:
 1303 0471 474E5520 		.ascii	"GNU C11 5.4.1 20160609 (release) [ARM/embedded-5-br"
 1303      43313120 
 1303      352E342E 
 1303      31203230 
 1303      31363036 
 1304 04a4 616E6368 		.ascii	"anch revision 237715] -mcpu=cortex-m4 -mfloat-abi=s"
 1304      20726576 
 1304      6973696F 
 1304      6E203233 
 1304      37373135 
 1305 04d7 6F667466 		.ascii	"oftfp -mfpu=fpv4-sp-d16 -mthumb -g -Og -ffunction-s"
 1305      70202D6D 
 1305      6670753D 
 1305      66707634 
 1305      2D73702D 
 1306 050a 65637469 		.ascii	"ections -ffat-lto-objects\000"
 1306      6F6E7320 
 1306      2D666661 
 1306      742D6C74 
 1306      6F2D6F62 
 1307              	.LASF109:
 1308 0524 666C6F61 		.ascii	"float\000"
 1308      7400
 1309              	.LASF115:
 1310 052a 77726974 		.ascii	"write_flash_data_u\000"
 1310      655F666C 
 1310      6173685F 
ARM GAS  C:\Users\tester\AppData\Local\Temp\ccsTC7mf.s 			page 31


 1310      64617461 
 1310      5F7500
 1311              	.LASF73:
 1312 053d 64775374 		.ascii	"dwStatusChIdxMsk\000"
 1312      61747573 
 1312      43684964 
 1312      784D736B 
 1312      00
 1313              	.LASF118:
 1314 054e 63795F64 		.ascii	"cy_device\000"
 1314      65766963 
 1314      6500
 1315              	.LASF101:
 1316 0558 63707573 		.ascii	"cpussRomCtl\000"
 1316      73526F6D 
 1316      43746C00 
 1317              	.LASF71:
 1318 0564 64774368 		.ascii	"dwChCtlPreemptablePos\000"
 1318      43746C50 
 1318      7265656D 
 1318      70746162 
 1318      6C65506F 
 1319              	.LASF24:
 1320 057a 75646242 		.ascii	"udbBase\000"
 1320      61736500 
 1321              	.LASF112:
 1322 0582 5F426F6F 		.ascii	"_Bool\000"
 1322      6C00
 1323              	.LASF17:
 1324 0588 696E7433 		.ascii	"int32_t\000"
 1324      325F7400 
 1325              	.LASF2:
 1326 0590 756E7369 		.ascii	"unsigned char\000"
 1326      676E6564 
 1326      20636861 
 1326      7200
 1327              	.LASF67:
 1328 059e 666C6173 		.ascii	"flashCtlMainWs4Freq\000"
 1328      6843746C 
 1328      4D61696E 
 1328      57733446 
 1328      72657100 
 1329              	.LASF0:
 1330 05b2 73686F72 		.ascii	"short int\000"
 1330      7420696E 
 1330      7400
 1331              	.LASF78:
 1332 05bc 70657269 		.ascii	"periDivCmdDivSelMsk\000"
 1332      44697643 
 1332      6D644469 
 1332      7653656C 
 1332      4D736B00 
 1333              	.LASF49:
 1334 05d0 73727373 		.ascii	"srssNumHfroot\000"
 1334      4E756D48 
 1334      66726F6F 
 1334      7400
ARM GAS  C:\Users\tester\AppData\Local\Temp\ccsTC7mf.s 			page 32


 1335              	.LASF62:
 1336 05de 666C6173 		.ascii	"flashEraseDelay\000"
 1336      68457261 
 1336      73654465 
 1336      6C617900 
 1337              	.LASF18:
 1338 05ee 75696E74 		.ascii	"uint32_t\000"
 1338      33325F74 
 1338      00
 1339              	.LASF20:
 1340 05f7 6C6F6E67 		.ascii	"long double\000"
 1340      20646F75 
 1340      626C6500 
 1341              	.LASF108:
 1342 0603 63686172 		.ascii	"char\000"
 1342      00
 1343              	.LASF39:
 1344 0608 70726F74 		.ascii	"protVersion\000"
 1344      56657273 
 1344      696F6E00 
 1345              	.LASF102:
 1346 0614 63707573 		.ascii	"cpussRam0Ctl0\000"
 1346      7352616D 
 1346      3043746C 
 1346      3000
 1347              	.LASF5:
 1348 0622 5F5F7569 		.ascii	"__uint16_t\000"
 1348      6E743136 
 1348      5F7400
 1349              	.LASF83:
 1350 062d 70657269 		.ascii	"periDiv16CtlOffset\000"
 1350      44697631 
 1350      3643746C 
 1350      4F666673 
 1350      657400
 1351              	.LASF7:
 1352 0640 5F5F696E 		.ascii	"__int32_t\000"
 1352      7433325F 
 1352      7400
 1353              	.LASF36:
 1354 064a 6873696F 		.ascii	"hsiomVersion\000"
 1354      6D566572 
 1354      73696F6E 
 1354      00
 1355              	.LASF64:
 1356 0657 666C6173 		.ascii	"flashCtlMainWs1Freq\000"
 1356      6843746C 
 1356      4D61696E 
 1356      57733146 
 1356      72657100 
 1357              	.LASF6:
 1358 066b 73686F72 		.ascii	"short unsigned int\000"
 1358      7420756E 
 1358      7369676E 
 1358      65642069 
 1358      6E7400
 1359              	.LASF69:
ARM GAS  C:\Users\tester\AppData\Local\Temp\ccsTC7mf.s 			page 33


 1360 067e 64774368 		.ascii	"dwChSize\000"
 1360      53697A65 
 1360      00
 1361              	.LASF52:
 1362 0687 70617373 		.ascii	"passSarChannels\000"
 1362      53617243 
 1362      68616E6E 
 1362      656C7300 
 1363              	.LASF105:
 1364 0697 69706353 		.ascii	"ipcStructSize\000"
 1364      74727563 
 1364      7453697A 
 1364      6500
 1365              	.LASF44:
 1366 06a5 63707573 		.ascii	"cpussIpc0Irq\000"
 1366      73497063 
 1366      30497271 
 1366      00
 1367              	.LASF87:
 1368 06b2 6770696F 		.ascii	"gpioPrtCfgOffset\000"
 1368      50727443 
 1368      66674F66 
 1368      66736574 
 1368      00
 1369              	.LASF46:
 1370 06c3 63707573 		.ascii	"cpussNotConnectedIrq\000"
 1370      734E6F74 
 1370      436F6E6E 
 1370      65637465 
 1370      64497271 
 1371              	.LASF60:
 1372 06d8 666C6173 		.ascii	"flashWriteDelay\000"
 1372      68577269 
 1372      74654465 
 1372      6C617900 
 1373              	.LASF14:
 1374 06e8 75696E74 		.ascii	"uint8_t\000"
 1374      385F7400 
 1375              	.LASF124:
 1376 06f0 44617461 		.ascii	"Data\000"
 1376      00
 1377              	.LASF93:
 1378 06f5 63707573 		.ascii	"cpussCm4StatusOffset\000"
 1378      73436D34 
 1378      53746174 
 1378      75734F66 
 1378      66736574 
 1379              	.LASF86:
 1380 070a 6770696F 		.ascii	"gpioPrtIntrCfgOffset\000"
 1380      50727449 
 1380      6E747243 
 1380      66674F66 
 1380      66736574 
 1381              	.LASF97:
 1382 071f 63707573 		.ascii	"cpussTrimRomCtlOffset\000"
 1382      73547269 
 1382      6D526F6D 
ARM GAS  C:\Users\tester\AppData\Local\Temp\ccsTC7mf.s 			page 34


 1382      43746C4F 
 1382      66667365 
 1383              	.LASF47:
 1384 0735 73727373 		.ascii	"srssNumClkpath\000"
 1384      4E756D43 
 1384      6C6B7061 
 1384      746800
 1385              	.LASF33:
 1386 0744 64775665 		.ascii	"dwVersion\000"
 1386      7273696F 
 1386      6E00
 1387              	.LASF29:
 1388 074e 69706342 		.ascii	"ipcBase\000"
 1388      61736500 
 1389              	.LASF80:
 1390 0756 70657269 		.ascii	"periDivCmdPaDivSelPos\000"
 1390      44697643 
 1390      6D645061 
 1390      44697653 
 1390      656C506F 
 1391              	.LASF61:
 1392 076c 666C6173 		.ascii	"flashProgramDelay\000"
 1392      6850726F 
 1392      6772616D 
 1392      44656C61 
 1392      7900
 1393              	.LASF120:
 1394 077e 6D61696E 		.ascii	"main_cm4.c\000"
 1394      5F636D34 
 1394      2E6300
 1395              	.LASF58:
 1396 0789 666C6173 		.ascii	"flashRwwRequired\000"
 1396      68527777 
 1396      52657175 
 1396      69726564 
 1396      00
 1397              	.LASF121:
 1398 079a 433A5C55 		.ascii	"C:\\Users\\tester\\Documents\\GitHub\\Smartbottle_0"
 1398      73657273 
 1398      5C746573 
 1398      7465725C 
 1398      446F6375 
 1399 07c8 5F315C66 		.ascii	"_1\\flash\\Kit_flash\\Kit_flash.cydsn\000"
 1399      6C617368 
 1399      5C4B6974 
 1399      5F666C61 
 1399      73685C4B 
 1400              		.ident	"GCC: (GNU Tools for ARM Embedded Processors) 5.4.1 20160609 (release) [ARM/embedded-5-bran
